#
# A fatal error has been detected by the Java Runtime Environment:
#
#  SIGSEGV (0xb) at pc=0x00007efcae005060, pid=20875, tid=0x00007efc6befe700
#
# JRE version: OpenJDK Runtime Environment (8.0_76-b03) (build 1.8.0_76-release-b03)
# Java VM: OpenJDK 64-Bit Server VM (25.76-b03 mixed mode linux-amd64 compressed oops)
# Problematic frame:
# C  0x00007efcae005060
#
# Failed to write core dump. Core dumps have been disabled. To enable core dumping, try "ulimit -c unlimited" before starting Java again
#
# If you would like to submit a bug report, please visit:
#   http://bugreport.java.com/bugreport/crash.jsp
#

---------------  T H R E A D  ---------------

Current thread (0x00007efc78111000):  JavaThread "pool-9-thread-4" [_thread_in_Java, id=20931, stack(0x00007efc6bdfe000,0x00007efc6beff000)]

siginfo: si_signo: 11 (SIGSEGV), si_code: 2 (SEGV_ACCERR), si_addr: 0x00007efcae005060

Registers:
RAX=0x0000000100801bb0, RBX=0x00007efcc01115d8, RCX=0x00000000e21a2fb0, RDX=0x00000000e21a2fb0
RSP=0x00007efc6befcfb8, RBP=0x00000000e21a2fb0, RSI=0x00000000e21a2fb0, RDI=0x0000000000000000
R8 =0x0000000000000001, R9 =0x000000000000130c, R10=0x00007efcc01115d8, R11=0x00007efcec500640
R12=0x0000000000000000, R13=0x00007efc6befd2d8, R14=0x00007efc6befd360, R15=0x00007efc78111000
RIP=0x00007efcae005060, EFLAGS=0x0000000000010202, CSGSFS=0x002b000000000033, ERR=0x0000000000000014
  TRAPNO=0x000000000000000e

Top of Stack: (sp=0x00007efc6befcfb8)
0x00007efc6befcfb8:   00007efcee307018 00000000e1519ba8
0x00007efc6befcfc8:   00000000e117d1d0 00000000e21a2fb0
0x00007efc6befcfd8:   45b6423200000001 e21a2e5000024232
0x00007efc6befcfe8:   e21a2e50e1cb7a58 0000000100033a10
0x00007efc6befcff8:   00007efc00000001 00000000e21a2fb0
0x00007efc6befd008:   00000000e1cb7a58 0000000000000007
0x00007efc6befd018:   00000000e1cb7a58 0000000000000001
0x00007efc6befd028:   0000000000000000 00000000e21a2fb0
0x00007efc6befd038:   00007efcee758444 00007efc00000002
0x00007efc6befd048:   0000000000000002 00000000e0f6e2c0
0x00007efc6befd058:   0000000000000000 00007efc6befd060
0x00007efc6befd068:   00007efcc014c2a9 00000000e1cb7a40
0x00007efc6befd078:   00007efcc014c8c0 00007efc6befd328
0x00007efc6befd088:   00007efced445af4 00007efc6befd1e8
0x00007efc6befd098:   00007efcee745d9c 00000000e21a2ef8
0x00007efc6befd0a8:   00007efced435e8c 0000000100000001
0x00007efc6befd0b8:   0000000000000000 00000000e219dda8
0x00007efc6befd0c8:   00000000e219dda8 00007efc6befd328
0x00007efc6befd0d8:   00007efceda6b7b4 00000000e21a2ef8
0x00007efc6befd0e8:   0000000000000000 00000000e16a1120
0x00007efc6befd0f8:   00000000e21a2c38 00000000e168b608
0x00007efc6befd108:   00007efcee306cf0 00007efc6befd328
0x00007efc6befd118:   00007efcee20f09c 00000000e21a2ef8
0x00007efc6befd128:   0fa82a4f00000001 e21a2ef800002a4f
0x00007efc6befd138:   e21a2ef8e168b620 0000000100033a10
0x00007efc6befd148:   00007efc00000001 00000000e21a2ef8
0x00007efc6befd158:   00000000e168b620 0000000000000007
0x00007efc6befd168:   00000000e168b620 0000000000000001
0x00007efc6befd178:   00000000e0f84050 00000000e21a2ef8
0x00007efc6befd188:   00007efcee758444 0000000000000003
0x00007efc6befd198:   00000000e21a2e68 00000000e0f6d700
0x00007efc6befd1a8:   0000000000000000 0000000000000002 

Instructions: (pc=0x00007efcae005060)
0x00007efcae005040:   
[error occurred during error reporting (printing registers, top of stack, instructions near pc), id 0xb]

Register to memory mapping:

RAX=0x0000000100801bb0 is pointing into metadata
RBX={method} {0x00007efcc01115d8} 'hashCode' '()I' in 'com/android/dx/rop/code/RegisterSpec'
RCX=0x00000000e21a2fb0 is an oop
com.android.dx.rop.code.RegisterSpec 
 - klass: 'com/android/dx/rop/code/RegisterSpec'
RDX=0x00000000e21a2fb0 is an oop
com.android.dx.rop.code.RegisterSpec 
 - klass: 'com/android/dx/rop/code/RegisterSpec'
RSP=0x00007efc6befcfb8 is pointing into the stack for thread: 0x00007efc78111000
RBP=0x00000000e21a2fb0 is an oop
com.android.dx.rop.code.RegisterSpec 
 - klass: 'com/android/dx/rop/code/RegisterSpec'
RSI=0x00000000e21a2fb0 is an oop
com.android.dx.rop.code.RegisterSpec 
 - klass: 'com/android/dx/rop/code/RegisterSpec'
RDI=0x0000000000000000 is an unknown value
R8 =0x0000000000000001 is an unknown value
R9 =0x000000000000130c is an unknown value
R10={method} {0x00007efcc01115d8} 'hashCode' '()I' in 'com/android/dx/rop/code/RegisterSpec'
R11={method} {0x00007efcec500640} 'hashCode' '()I' in 'java/lang/Object'
R12=0x0000000000000000 is an unknown value
R13=0x00007efc6befd2d8 is pointing into the stack for thread: 0x00007efc78111000
R14=0x00007efc6befd360 is pointing into the stack for thread: 0x00007efc78111000
R15=0x00007efc78111000 is a thread


Stack: [0x00007efc6bdfe000,0x00007efc6beff000],  sp=0x00007efc6befcfb8,  free space=1019k
Native frames: (J=compiled Java code, j=interpreted, Vv=VM code, C=native code)
C  0x00007efcae005060


---------------  P R O C E S S  ---------------

Java Threads: ( => current thread )
=>0x00007efc78111000 JavaThread "pool-9-thread-4" [_thread_in_Java, id=20931, stack(0x00007efc6bdfe000,0x00007efc6beff000)]
  0x00007efc7810f800 JavaThread "pool-9-thread-3" [_thread_in_Java, id=20930, stack(0x00007efc6beff000,0x00007efc6c000000)]
  0x00007efc7810e800 JavaThread "pool-9-thread-2" [_thread_in_Java, id=20929, stack(0x00007efcc0a39000,0x00007efcc0b3a000)]
  0x00007efc780e3000 JavaThread "pool-10-thread-1" [_thread_blocked, id=20928, stack(0x00007efcc0837000,0x00007efcc0938000)]
  0x00007efc780e2800 JavaThread "pool-9-thread-1" [_thread_in_vm, id=20927, stack(0x00007efcc0938000,0x00007efcc0a39000)]
  0x00007efc74042800 JavaThread "pool-7-thread-1" [_thread_in_Java, id=20926, stack(0x00007efcc0b3a000,0x00007efcc0c3b000)]
  0x00007efc8d198800 JavaThread "pool-4-thread-2" [_thread_blocked, id=20925, stack(0x00007efcc0c3b000,0x00007efcc0d3c000)]
  0x00007efc8c4c2000 JavaThread "pool-4-thread-1" [_thread_blocked, id=20910, stack(0x00007efcd40ae000,0x00007efcd41af000)]
  0x00007efc8c354800 JavaThread "File lock request listener" [_thread_in_native, id=20906, stack(0x00007efcdc15b000,0x00007efcdc25c000)]
  0x00007efc8c70b800 JavaThread "process reaper" daemon [_thread_blocked, id=20905, stack(0x00007efcdc45c000,0x00007efcdc495000)]
  0x00007efc8c017000 JavaThread "Stdin handler" [_thread_blocked, id=20901, stack(0x00007efcdcf0e000,0x00007efcdd00f000)]
  0x00007efc8c009800 JavaThread "Asynchronous log dispatcher for org.gradle.launcher.daemon.server.DefaultDaemonConnection@632485b1" [_thread_blocked, id=20900, stack(0x00007efcdd00f000,0x00007efcdd110000)]
  0x00007efca0009000 JavaThread "Daemon worker" [_thread_blocked, id=20899, stack(0x00007efcdd110000,0x00007efcdd211000)]
  0x00007efca000c800 JavaThread "Cancel handler" [_thread_blocked, id=20898, stack(0x00007efcdd211000,0x00007efcdd312000)]
  0x00007efca0007000 JavaThread "Handler for socket connection from /127.0.0.1:33789 to /127.0.0.1:51004" [_thread_in_native, id=20897, stack(0x00007efcdd312000,0x00007efcdd413000)]
  0x00007efca802d000 JavaThread "Daemon" [_thread_blocked, id=20896, stack(0x00007efcdd413000,0x00007efcdd514000)]
  0x00007efcfcb4d000 JavaThread "pool-1-thread-1" [_thread_blocked, id=20895, stack(0x00007efcdd714000,0x00007efcdd815000)]
  0x00007efcfcb2d800 JavaThread "Incoming local TCP Connector on port 33789" [_thread_in_native, id=20894, stack(0x00007efcdd81c000,0x00007efcdd91d000)]
  0x00007efcfc0c6800 JavaThread "Service Thread" daemon [_thread_blocked, id=20890, stack(0x00007efcdebec000,0x00007efcdeced000)]
  0x00007efcfc0bb800 JavaThread "C1 CompilerThread2" daemon [_thread_in_native, id=20889, stack(0x00007efcdeced000,0x00007efcdedee000)]
  0x00007efcfc0b9800 JavaThread "C2 CompilerThread1" daemon [_thread_in_native, id=20888, stack(0x00007efcdedee000,0x00007efcdeeef000)]
  0x00007efcfc0b6800 JavaThread "C2 CompilerThread0" daemon [_thread_in_native, id=20887, stack(0x00007efcdeeef000,0x00007efcdeff0000)]
  0x00007efcfc0b5000 JavaThread "Signal Dispatcher" daemon [_thread_blocked, id=20886, stack(0x00007efcdeff0000,0x00007efcdf0f1000)]
  0x00007efcfc082000 JavaThread "Finalizer" daemon [_thread_blocked, id=20885, stack(0x00007efcdf0f1000,0x00007efcdf1f2000)]
  0x00007efcfc07d800 JavaThread "Reference Handler" daemon [_thread_blocked, id=20884, stack(0x00007efcdf1f2000,0x00007efcdf2f3000)]
  0x00007efcfc008000 JavaThread "main" [_thread_blocked, id=20878, stack(0x00007efd03538000,0x00007efd03639000)]

Other Threads:
  0x00007efcfc076000 VMThread [stack: 0x00007efcdf2f3000,0x00007efcdf3f4000] [id=20883]
  0x00007efcfc0c9000 WatcherThread [stack: 0x00007efcdeaeb000,0x00007efcdebec000] [id=20891]

VM state:not at safepoint (normal execution)

VM Mutex/Monitor currently owned by a thread: None

Heap:
 PSYoungGen      total 168448K, used 39815K [0x00000000e0000000, 0x00000000ede80000, 0x0000000100000000)
  eden space 156160K, 25% used [0x00000000e0000000,0x00000000e26e1de0,0x00000000e9880000)
  from space 12288K, 0% used [0x00000000e9880000,0x00000000e9880000,0x00000000ea480000)
  to   space 12288K, 0% used [0x00000000ed280000,0x00000000ed280000,0x00000000ede80000)
 ParOldGen       total 76288K, used 35868K [0x00000000a0000000, 0x00000000a4a80000, 0x00000000e0000000)
  object space 76288K, 47% used [0x00000000a0000000,0x00000000a23072c0,0x00000000a4a80000)
 Metaspace       used 59794K, capacity 61450K, committed 61568K, reserved 1101824K
  class space    used 7882K, capacity 8289K, committed 8320K, reserved 1048576K

Card table byte_map: [0x00007efd00719000,0x00007efd00a1a000] byte_map_base: 0x00007efd00219000

Marking Bits: (ParMarkBitMap*) 0x00007efd02a1d1a0
 Begin Bits: [0x00007efcd5000000, 0x00007efcd6800000)
 End Bits:   [0x00007efcd6800000, 0x00007efcd8000000)

Polling page: 0x00007efd0366b000

CodeCache: size=245760Kb used=24102Kb max_used=24102Kb free=221657Kb
 bounds [0x00007efced000000, 0x00007efcee7b0000, 0x00007efcfc000000]
 total_blobs=8171 nmethods=7434 adapters=649
 compilation: enabled

Compilation events (10 events):
Event: 50.008 Thread 0x00007efcfc0b6800 nmethod 8635 0x00007efcee756610 code [0x00007efcee756780, 0x00007efcee7568b8]
Event: 50.008 Thread 0x00007efcfc0b6800 8637       4       com.android.dx.rop.type.Type::equals (31 bytes)
Event: 50.010 Thread 0x00007efcfc0b9800 nmethod 8648 0x00007efcee75c450 code [0x00007efcee75c5c0, 0x00007efcee75c808]
Event: 50.010 Thread 0x00007efcfc0b9800 8636       4       com.android.dx.rop.code.RegisterSpec::hashCode (16 bytes)
Event: 50.012 Thread 0x00007efcfc0b9800 nmethod 8636 0x00007efcee75c090 code [0x00007efcee75c1e0, 0x00007efcee75c328]
Event: 50.012 Thread 0x00007efcfc0b9800 8656       4       java.util.BitSet::<init> (56 bytes)
Event: 50.014 Thread 0x00007efcfc0b9800 nmethod 8656 0x00007efcee75bd10 code [0x00007efcee75be60, 0x00007efcee75bf98]
Event: 50.014 Thread 0x00007efcfc0b9800 8657   !   4       com.android.dx.cf.cst.ConstantPoolParser::parse0 (731 bytes)
Event: 50.034 Thread 0x00007efcfc0b6800 nmethod 8637 0x00007efcee75b950 code [0x00007efcee75baa0, 0x00007efcee75bbf8]
Event: 50.034 Thread 0x00007efcfc0b6800 8663       4       com.android.dx.rop.code.RegisterSpecSet::mutableCopy (57 bytes)

GC Heap History (10 events):
Event: 16.727 GC heap before
{Heap before GC invocations=14 (full 2):
 PSYoungGen      total 125440K, used 2907K [0x00000000e0000000, 0x00000000e8680000, 0x0000000100000000)
  eden space 116224K, 0% used [0x00000000e0000000,0x00000000e0000000,0x00000000e7180000)
  from space 9216K, 31% used [0x00000000e7a80000,0x00000000e7d56d88,0x00000000e8380000)
  to   space 9216K, 0% used [0x00000000e7180000,0x00000000e7180000,0x00000000e7a80000)
 ParOldGen       total 31232K, used 13715K [0x00000000a0000000, 0x00000000a1e80000, 0x00000000e0000000)
  object space 31232K, 43% used [0x00000000a0000000,0x00000000a0d64d60,0x00000000a1e80000)
 Metaspace       used 34796K, capacity 35350K, committed 35496K, reserved 1079296K
  class space    used 4667K, capacity 4854K, committed 4864K, reserved 1048576K
Event: 16.949 GC heap after
Heap after GC invocations=14 (full 2):
 PSYoungGen      total 125440K, used 0K [0x00000000e0000000, 0x00000000e8680000, 0x0000000100000000)
  eden space 116224K, 0% used [0x00000000e0000000,0x00000000e0000000,0x00000000e7180000)
  from space 9216K, 0% used [0x00000000e7a80000,0x00000000e7a80000,0x00000000e8380000)
  to   space 9216K, 0% used [0x00000000e7180000,0x00000000e7180000,0x00000000e7a80000)
 ParOldGen       total 46592K, used 16152K [0x00000000a0000000, 0x00000000a2d80000, 0x00000000e0000000)
  object space 46592K, 34% used [0x00000000a0000000,0x00000000a0fc60f8,0x00000000a2d80000)
 Metaspace       used 34796K, capacity 35350K, committed 35496K, reserved 1079296K
  class space    used 4667K, capacity 4854K, committed 4864K, reserved 1048576K
}
Event: 20.953 GC heap before
{Heap before GC invocations=15 (full 2):
 PSYoungGen      total 125440K, used 116224K [0x00000000e0000000, 0x00000000e8680000, 0x0000000100000000)
  eden space 116224K, 100% used [0x00000000e0000000,0x00000000e7180000,0x00000000e7180000)
  from space 9216K, 0% used [0x00000000e7a80000,0x00000000e7a80000,0x00000000e8380000)
  to   space 9216K, 0% used [0x00000000e7180000,0x00000000e7180000,0x00000000e7a80000)
 ParOldGen       total 46592K, used 16152K [0x00000000a0000000, 0x00000000a2d80000, 0x00000000e0000000)
  object space 46592K, 34% used [0x00000000a0000000,0x00000000a0fc60f8,0x00000000a2d80000)
 Metaspace       used 43629K, capacity 44718K, committed 44928K, reserved 1087488K
  class space    used 5894K, capacity 6199K, committed 6272K, reserved 1048576K
Event: 21.015 GC heap after
Heap after GC invocations=15 (full 2):
 PSYoungGen      total 125440K, used 9188K [0x00000000e0000000, 0x00000000eb100000, 0x0000000100000000)
  eden space 116224K, 0% used [0x00000000e0000000,0x00000000e0000000,0x00000000e7180000)
  from space 9216K, 99% used [0x00000000e7180000,0x00000000e7a79168,0x00000000e7a80000)
  to   space 11264K, 0% used [0x00000000ea600000,0x00000000ea600000,0x00000000eb100000)
 ParOldGen       total 46592K, used 17778K [0x00000000a0000000, 0x00000000a2d80000, 0x00000000e0000000)
  object space 46592K, 38% used [0x00000000a0000000,0x00000000a115c8f0,0x00000000a2d80000)
 Metaspace       used 43629K, capacity 44718K, committed 44928K, reserved 1087488K
  class space    used 5894K, capacity 6199K, committed 6272K, reserved 1048576K
}
Event: 28.663 GC heap before
{Heap before GC invocations=16 (full 2):
 PSYoungGen      total 125440K, used 125412K [0x00000000e0000000, 0x00000000eb100000, 0x0000000100000000)
  eden space 116224K, 100% used [0x00000000e0000000,0x00000000e7180000,0x00000000e7180000)
  from space 9216K, 99% used [0x00000000e7180000,0x00000000e7a79168,0x00000000e7a80000)
  to   space 11264K, 0% used [0x00000000ea600000,0x00000000ea600000,0x00000000eb100000)
 ParOldGen       total 46592K, used 17778K [0x00000000a0000000, 0x00000000a2d80000, 0x00000000e0000000)
  object space 46592K, 38% used [0x00000000a0000000,0x00000000a115c8f0,0x00000000a2d80000)
 Metaspace       used 49617K, capacity 50862K, committed 51072K, reserved 1093632K
  class space    used 6649K, capacity 6955K, committed 7040K, reserved 1048576K
Event: 28.768 GC heap after
Heap after GC invocations=16 (full 2):
 PSYoungGen      total 166912K, used 9607K [0x00000000e0000000, 0x00000000eb080000, 0x0000000100000000)
  eden space 156160K, 0% used [0x00000000e0000000,0x00000000e0000000,0x00000000e9880000)
  from space 10752K, 89% used [0x00000000ea600000,0x00000000eaf61cb0,0x00000000eb080000)
  to   space 12288K, 0% used [0x00000000e9880000,0x00000000e9880000,0x00000000ea480000)
 ParOldGen       total 46592K, used 24196K [0x00000000a0000000, 0x00000000a2d80000, 0x00000000e0000000)
  object space 46592K, 51% used [0x00000000a0000000,0x00000000a17a1338,0x00000000a2d80000)
 Metaspace       used 49617K, capacity 50862K, committed 51072K, reserved 1093632K
  class space    used 6649K, capacity 6955K, committed 7040K, reserved 1048576K
}
Event: 47.645 GC heap before
{Heap before GC invocations=17 (full 2):
 PSYoungGen      total 166912K, used 128284K [0x00000000e0000000, 0x00000000eb080000, 0x0000000100000000)
  eden space 156160K, 75% used [0x00000000e0000000,0x00000000e73e5668,0x00000000e9880000)
  from space 10752K, 89% used [0x00000000ea600000,0x00000000eaf61cb0,0x00000000eb080000)
  to   space 12288K, 0% used [0x00000000e9880000,0x00000000e9880000,0x00000000ea480000)
 ParOldGen       total 46592K, used 24196K [0x00000000a0000000, 0x00000000a2d80000, 0x00000000e0000000)
  object space 46592K, 51% used [0x00000000a0000000,0x00000000a17a1338,0x00000000a2d80000)
 Metaspace       used 57415K, capacity 59080K, committed 59160K, reserved 1099776K
  class space    used 7642K, capacity 8058K, committed 8064K, reserved 1048576K
Event: 47.689 GC heap after
Heap after GC invocations=17 (full 2):
 PSYoungGen      total 168448K, used 8106K [0x00000000e0000000, 0x00000000ede80000, 0x0000000100000000)
  eden space 156160K, 0% used [0x00000000e0000000,0x00000000e0000000,0x00000000e9880000)
  from space 12288K, 65% used [0x00000000e9880000,0x00000000ea06a808,0x00000000ea480000)
  to   space 12288K, 0% used [0x00000000ed280000,0x00000000ed280000,0x00000000ede80000)
 ParOldGen       total 46592K, used 30368K [0x00000000a0000000, 0x00000000a2d80000, 0x00000000e0000000)
  object space 46592K, 65% used [0x00000000a0000000,0x00000000a1da83d8,0x00000000a2d80000)
 Metaspace       used 57415K, capacity 59080K, committed 59160K, reserved 1099776K
  class space    used 7642K, capacity 8058K, committed 8064K, reserved 1048576K
}
Event: 47.689 GC heap before
{Heap before GC invocations=18 (full 3):
 PSYoungGen      total 168448K, used 8106K [0x00000000e0000000, 0x00000000ede80000, 0x0000000100000000)
  eden space 156160K, 0% used [0x00000000e0000000,0x00000000e0000000,0x00000000e9880000)
  from space 12288K, 65% used [0x00000000e9880000,0x00000000ea06a808,0x00000000ea480000)
  to   space 12288K, 0% used [0x00000000ed280000,0x00000000ed280000,0x00000000ede80000)
 ParOldGen       total 46592K, used 30368K [0x00000000a0000000, 0x00000000a2d80000, 0x00000000e0000000)
  object space 46592K, 65% used [0x00000000a0000000,0x00000000a1da83d8,0x00000000a2d80000)
 Metaspace       used 57415K, capacity 59080K, committed 59160K, reserved 1099776K
  class space    used 7642K, capacity 8058K, committed 8064K, reserved 1048576K
Event: 48.039 GC heap after
Heap after GC invocations=18 (full 3):
 PSYoungGen      total 168448K, used 0K [0x00000000e0000000, 0x00000000ede80000, 0x0000000100000000)
  eden space 156160K, 0% used [0x00000000e0000000,0x00000000e0000000,0x00000000e9880000)
  from space 12288K, 0% used [0x00000000e9880000,0x00000000e9880000,0x00000000ea480000)
  to   space 12288K, 0% used [0x00000000ed280000,0x00000000ed280000,0x00000000ede80000)
 ParOldGen       total 76288K, used 35868K [0x00000000a0000000, 0x00000000a4a80000, 0x00000000e0000000)
  object space 76288K, 47% used [0x00000000a0000000,0x00000000a23072c0,0x00000000a4a80000)
 Metaspace       used 57413K, capacity 59074K, committed 59160K, reserved 1099776K
  class space    used 7642K, capacity 8057K, committed 8064K, reserved 1048576K
}

Deoptimization events (10 events):
Event: 47.524 Thread 0x00007efca0009000 Uncommon trap: reason=class_check action=maybe_recompile pc=0x00007efcedf88dc0 method=java.net.URLClassLoader.defineClass(Ljava/lang/String;Lsun/misc/Resource;)Ljava/lang/Class; @ 34
Event: 48.072 Thread 0x00007efca0009000 Uncommon trap: reason=range_check action=make_not_entrant pc=0x00007efcee65c380 method=sun.nio.fs.UnixDirectoryStream$UnixDirectoryIterator.isSelfOrParent([B)Z @ 2
Event: 49.122 Thread 0x00007efc8d198800 Uncommon trap: reason=unstable_if action=reinterpret pc=0x00007efcee3500ec method=java.lang.String.lastIndexOf([CII[CIII)I @ 118
Event: 49.376 Thread 0x00007efc74042800 Uncommon trap: reason=unstable_if action=reinterpret pc=0x00007efced72cdd4 method=java.lang.String.lastIndexOf([CII[CIII)I @ 118
Event: 49.571 Thread 0x00007efc74042800 Uncommon trap: reason=class_check action=maybe_recompile pc=0x00007efced2ef768 method=java.util.concurrent.locks.ReentrantLock.lock()V @ 4
Event: 49.574 Thread 0x00007efc74042800 Uncommon trap: reason=class_check action=maybe_recompile pc=0x00007efced2ef768 method=java.util.concurrent.locks.ReentrantLock.lock()V @ 4
Event: 49.583 Thread 0x00007efc74042800 Uncommon trap: reason=class_check action=maybe_recompile pc=0x00007efced2ef768 method=java.util.concurrent.locks.ReentrantLock.lock()V @ 4
Event: 49.586 Thread 0x00007efc74042800 Uncommon trap: reason=class_check action=maybe_recompile pc=0x00007efced2ef768 method=java.util.concurrent.locks.ReentrantLock.lock()V @ 4
Event: 49.670 Thread 0x00007efc78111000 Uncommon trap: reason=class_check action=maybe_recompile pc=0x00007efced78c0ac method=java.util.concurrent.ConcurrentHashMap.putVal(Ljava/lang/Object;Ljava/lang/Object;Z)Ljava/lang/Object; @ 192
Event: 49.673 Thread 0x00007efc780e2800 Uncommon trap: reason=class_check action=maybe_recompile pc=0x00007efced78c0ac method=java.util.concurrent.ConcurrentHashMap.putVal(Ljava/lang/Object;Ljava/lang/Object;Z)Ljava/lang/Object; @ 192

Internal exceptions (10 events):
Event: 22.952 Thread 0x00007efca0009000 Exception <a 'java/lang/ClassNotFoundException': org/gradle/platform/base/BinaryContainer_ImplCustomizer> (0x00000000e323dc38) thrown at [/ssd/Android/AOSP-openjdk/external/jetbrains/jdk/hotspot/src/share/vm/classfile/systemDictionary.cpp, line 210]
Event: 24.258 Thread 0x00007efca0009000 Exception <a 'java/lang/NoSuchMethodError': <clinit>> (0x00000000e36fb800) thrown at [/ssd/Android/AOSP-openjdk/external/jetbrains/jdk/hotspot/src/share/vm/prims/jni.cpp, line 1591]
Event: 24.259 Thread 0x00007efca0009000 Exception <a 'java/lang/NoSuchMethodError': <clinit>> (0x00000000e37087e8) thrown at [/ssd/Android/AOSP-openjdk/external/jetbrains/jdk/hotspot/src/share/vm/prims/jni.cpp, line 1591]
Event: 24.604 Thread 0x00007efca0009000 Exception <a 'java/lang/NoSuchMethodError': <clinit>> (0x00000000e390d598) thrown at [/ssd/Android/AOSP-openjdk/external/jetbrains/jdk/hotspot/src/share/vm/prims/jni.cpp, line 1591]
Event: 24.606 Thread 0x00007efca0009000 Exception <a 'java/lang/NoSuchMethodError': <clinit>> (0x00000000e3925da8) thrown at [/ssd/Android/AOSP-openjdk/external/jetbrains/jdk/hotspot/src/share/vm/prims/jni.cpp, line 1591]
Event: 24.606 Thread 0x00007efca0009000 Exception <a 'java/lang/NoSuchMethodError': <clinit>> (0x00000000e39272c0) thrown at [/ssd/Android/AOSP-openjdk/external/jetbrains/jdk/hotspot/src/share/vm/prims/jni.cpp, line 1591]
Event: 28.138 Thread 0x00007efca0009000 Implicit null exception at 0x00007efcee234673 to 0x00007efcee234701
Event: 28.141 Thread 0x00007efca0009000 Implicit null exception at 0x00007efcee23bffc to 0x00007efcee23c231
Event: 28.203 Thread 0x00007efca0009000 Implicit null exception at 0x00007efced266e50 to 0x00007efced266e85
Event: 46.841 Thread 0x00007efca0009000 Exception <a 'java/lang/NoSuchMethodError': <clinit>> (0x00000000e6554ec8) thrown at [/ssd/Android/AOSP-openjdk/external/jetbrains/jdk/hotspot/src/share/vm/prims/jni.cpp, line 1591]

Events (10 events):
Event: 49.966 loading class com/android/dx/cf/attrib/AttSignature
Event: 49.966 loading class com/android/dx/cf/attrib/AttSignature done
Event: 49.966 loading class com/android/dx/cf/attrib/AttLocalVariableTypeTable
Event: 49.966 loading class com/android/dx/cf/attrib/AttLocalVariableTypeTable done
Event: 49.990 loading class com/android/dx/cf/attrib/AttEnclosingMethod
Event: 49.990 loading class com/android/dx/cf/attrib/AttEnclosingMethod done
Event: 49.992 loading class com/android/dx/cf/direct/DirectClassFile$DcfTypeList
Event: 49.992 loading class com/android/dx/cf/direct/DirectClassFile$DcfTypeList done
Event: 50.024 loading class com/android/dx/cf/code/BytecodeArray$ConstantParserVisitor
Event: 50.024 loading class com/android/dx/cf/code/BytecodeArray$ConstantParserVisitor done


Dynamic libraries:
00400000-00401000 r-xp 00000000 fd:00 11010416                           /opt/android-studio/jre/bin/java
00600000-00601000 r--p 00000000 fd:00 11010416                           /opt/android-studio/jre/bin/java
00601000-00602000 rw-p 00001000 fd:00 11010416                           /opt/android-studio/jre/bin/java
007a7000-007c8000 rw-p 00000000 00:00 0                                  [heap]
a0000000-a4a80000 rw-p 00000000 00:00 0 
a4a80000-e0000000 ---p 00000000 00:00 0 
e0000000-ede80000 rw-p 00000000 00:00 0 
ede80000-100000000 ---p 00000000 00:00 0 
100000000-100820000 rw-p 00000000 00:00 0 
100820000-140000000 ---p 00000000 00:00 0 
7efc60000000-7efc60021000 rw-p 00000000 00:00 0 
7efc60021000-7efc64000000 ---p 00000000 00:00 0 
7efc64000000-7efc64021000 rw-p 00000000 00:00 0 
7efc64021000-7efc68000000 ---p 00000000 00:00 0 
7efc6bdfe000-7efc6be01000 ---p 00000000 00:00 0 
7efc6be01000-7efc6beff000 rw-p 00000000 00:00 0 
7efc6beff000-7efc6bf02000 ---p 00000000 00:00 0 
7efc6bf02000-7efc6c000000 rw-p 00000000 00:00 0 
7efc6c000000-7efc6c021000 rw-p 00000000 00:00 0 
7efc6c021000-7efc70000000 ---p 00000000 00:00 0 
7efc70000000-7efc70058000 rw-p 00000000 00:00 0 
7efc70058000-7efc74000000 ---p 00000000 00:00 0 
7efc74000000-7efc74043000 rw-p 00000000 00:00 0 
7efc74043000-7efc78000000 ---p 00000000 00:00 0 
7efc78000000-7efc78159000 rw-p 00000000 00:00 0 
7efc78159000-7efc7c000000 ---p 00000000 00:00 0 
7efc7c000000-7efc7c021000 rw-p 00000000 00:00 0 
7efc7c021000-7efc80000000 ---p 00000000 00:00 0 
7efc80000000-7efc80021000 rw-p 00000000 00:00 0 
7efc80021000-7efc84000000 ---p 00000000 00:00 0 
7efc84000000-7efc84021000 rw-p 00000000 00:00 0 
7efc84021000-7efc88000000 ---p 00000000 00:00 0 
7efc88000000-7efc88021000 rw-p 00000000 00:00 0 
7efc88021000-7efc8c000000 ---p 00000000 00:00 0 
7efc8c000000-7efc8d34f000 rw-p 00000000 00:00 0 
7efc8d34f000-7efc90000000 ---p 00000000 00:00 0 
7efc90000000-7efc90021000 rw-p 00000000 00:00 0 
7efc90021000-7efc94000000 ---p 00000000 00:00 0 
7efc94000000-7efc94021000 rw-p 00000000 00:00 0 
7efc94021000-7efc98000000 ---p 00000000 00:00 0 
7efc98000000-7efc98021000 rw-p 00000000 00:00 0 
7efc98021000-7efc9c000000 ---p 00000000 00:00 0 
7efc9c000000-7efc9c021000 rw-p 00000000 00:00 0 
7efc9c021000-7efca0000000 ---p 00000000 00:00 0 
7efca0000000-7efca0021000 rw-p 00000000 00:00 0 
7efca0021000-7efca4000000 ---p 00000000 00:00 0 
7efca4000000-7efca4021000 rw-p 00000000 00:00 0 
7efca4021000-7efca8000000 ---p 00000000 00:00 0 
7efca8000000-7efca8065000 rw-p 00000000 00:00 0 
7efca8065000-7efcac000000 ---p 00000000 00:00 0 
7efcac000000-7efcac84e000 rw-p 00000000 00:00 0 
7efcac84e000-7efcb0000000 ---p 00000000 00:00 0 
7efcb0000000-7efcb0021000 rw-p 00000000 00:00 0 
7efcb0021000-7efcb4000000 ---p 00000000 00:00 0 
7efcb4000000-7efcb585a000 rw-p 00000000 00:00 0 
7efcb585a000-7efcb8000000 ---p 00000000 00:00 0 
7efcb8000000-7efcb9a59000 rw-p 00000000 00:00 0 
7efcb9a59000-7efcbc000000 ---p 00000000 00:00 0 
7efcbc000000-7efcbc021000 rw-p 00000000 00:00 0 
7efcbc021000-7efcc0000000 ---p 00000000 00:00 0 
7efcc0037000-7efcc0237000 rw-p 00000000 00:00 0 
7efcc0237000-7efcc0437000 rw-p 00000000 00:00 0 
7efcc0437000-7efcc0637000 rw-p 00000000 00:00 0 
7efcc0637000-7efcc0837000 rw-p 00000000 00:00 0 
7efcc0837000-7efcc083a000 ---p 00000000 00:00 0 
7efcc083a000-7efcc0938000 rw-p 00000000 00:00 0 
7efcc0938000-7efcc093b000 ---p 00000000 00:00 0 
7efcc093b000-7efcc0a39000 rw-p 00000000 00:00 0 
7efcc0a39000-7efcc0a3c000 ---p 00000000 00:00 0 
7efcc0a3c000-7efcc0b3a000 rw-p 00000000 00:00 0 
7efcc0b3a000-7efcc0b3d000 ---p 00000000 00:00 0 
7efcc0b3d000-7efcc0c3b000 rw-p 00000000 00:00 0 
7efcc0c3b000-7efcc0c3e000 ---p 00000000 00:00 0 
7efcc0c3e000-7efcc0f3c000 rw-p 00000000 00:00 0 
7efcc0f3c000-7efcc113c000 rw-p 00000000 00:00 0 
7efcc113c000-7efcc133c000 rw-p 00000000 00:00 0 
7efcc133c000-7efcc153c000 rw-p 00000000 00:00 0 
7efcc153c000-7efcc8000000 r--p 00000000 fd:00 3155961                    /usr/lib/locale/locale-archive
7efcc8000000-7efcc8021000 rw-p 00000000 00:00 0 
7efcc8021000-7efccc000000 ---p 00000000 00:00 0 
7efccc000000-7efccc021000 rw-p 00000000 00:00 0 
7efccc021000-7efcd0000000 ---p 00000000 00:00 0 
7efcd0000000-7efcd0043000 rw-p 00000000 00:00 0 
7efcd0043000-7efcd4000000 ---p 00000000 00:00 0 
7efcd40ae000-7efcd40b1000 ---p 00000000 00:00 0 
7efcd40b1000-7efcd43af000 rw-p 00000000 00:00 0 
7efcd43af000-7efcd43c2000 r--s 00344000 fd:00 11010439                   /opt/android-studio/jre/jre/lib/resources.jar
7efcd43c2000-7efcd45c2000 rw-p 00000000 00:00 0 
7efcd45c2000-7efcd47c2000 rw-p 00000000 00:00 0 
7efcd47c2000-7efcd49c2000 rw-p 00000000 00:00 0 
7efcd49c2000-7efcd4bc2000 rw-p 00000000 00:00 0 
7efcd4bc2000-7efcd4dc2000 rw-p 00000000 00:00 0 
7efcd4dc2000-7efcd4ded000 r--s 001fc000 fd:00 11274318                   /opt/android-studio/gradle/m2repository/com/google/guava/guava/18.0/guava-18.0.jar
7efcd4ded000-7efcd4e00000 r--s 000b2000 fd:00 11274672                   /opt/android-studio/gradle/m2repository/com/android/tools/external/com-intellij/uast/145.597.4/uast-145.597.4.jar
7efcd4e00000-7efcd5000000 rw-p 00000000 00:00 0 
7efcd5000000-7efcd8000000 rw-p 00000000 00:00 0 
7efcd8000000-7efcd8044000 rw-p 00000000 00:00 0 
7efcd8044000-7efcdc000000 ---p 00000000 00:00 0 
7efcdc000000-7efcdc001000 r--s 00001000 fd:00 11274415                   /opt/android-studio/gradle/m2repository/com/android/tools/annotations/25.2.3/annotations-25.2.3.jar
7efcdc001000-7efcdc009000 r--s 000a8000 fd:00 11274665                   /opt/android-studio/gradle/m2repository/com/android/tools/external/lombok/lombok-ast/0.2.3/lombok-ast-0.2.3.jar
7efcdc009000-7efcdc00b000 r--s 0000d000 fd:00 11274872                   /opt/android-studio/gradle/m2repository/commons-codec/commons-codec/1.4/commons-codec-1.4.jar
7efcdc00b000-7efcdc00d000 r--s 0000d000 fd:00 11273980                   /opt/android-studio/gradle/m2repository/commons-logging/commons-logging/1.1.1/commons-logging-1.1.1.jar
7efcdc00d000-7efcdc012000 r--s 00028000 fd:00 11274205                   /opt/android-studio/gradle/m2repository/org/apache/httpcomponents/httpcore/4.1/httpcore-4.1.jar
7efcdc012000-7efcdc016000 r--s 0002f000 fd:00 11274348                   /opt/android-studio/gradle/m2repository/com/google/jimfs/jimfs/1.1/jimfs-1.1.jar
7efcdc016000-7efcdc017000 r--s 00004000 fd:00 11274281                   /opt/android-studio/gradle/m2repository/com/intellij/annotations/12.0/annotations-12.0.jar
7efcdc017000-7efcdc018000 r--s 00004000 fd:00 11274027                   /opt/android-studio/gradle/m2repository/org/ow2/asm/asm-analysis/5.0.4/asm-analysis-5.0.4.jar
7efcdc018000-7efcdc01c000 r--s 0003b000 fd:00 11274757                   /opt/android-studio/gradle/m2repository/com/android/tools/lint/lint-api/25.2.3/lint-api-25.2.3.jar
7efcdc01c000-7efcdc01d000 r--s 0000a000 fd:00 11274825                   /opt/android-studio/gradle/m2repository/net/sf/kxml/kxml2/2.3.0/kxml2-2.3.0.jar
7efcdc01d000-7efcdc01f000 r--s 00005000 fd:00 11274196                   /opt/android-studio/gradle/m2repository/org/apache/httpcomponents/httpmime/4.1/httpmime-4.1.jar
7efcdc01f000-7efcdc027000 r--s 0004e000 fd:00 11274216                   /opt/android-studio/gradle/m2repository/org/apache/httpcomponents/httpclient/4.1.1/httpclient-4.1.1.jar
7efcdc027000-7efcdc02e000 r--s 00053000 fd:00 11274228                   /opt/android-studio/gradle/m2repository/org/apache/commons/commons-compress/1.8.1/commons-compress-1.8.1.jar
7efcdc02e000-7efcdc033000 r--s 0002a000 fd:00 11274336                   /opt/android-studio/gradle/m2repository/com/google/code/gson/gson/2.2.4/gson-2.2.4.jar
7efcdc033000-7efcdc038000 r--s 0002d000 fd:00 11274680                   /opt/android-studio/gradle/m2repository/com/android/tools/repository/25.2.3/repository-25.2.3.jar
7efcdc038000-7efcdc039000 r--s 00005000 fd:00 11274637                   /opt/android-studio/gradle/m2repository/com/android/tools/dvlib/25.2.3/dvlib-25.2.3.jar
7efcdc039000-7efcdc03c000 r--s 00014000 fd:00 11274560                   /opt/android-studio/gradle/m2repository/com/android/tools/layoutlib/layoutlib-api/25.2.3/layoutlib-api-25.2.3.jar
7efcdc03c000-7efcdc041000 r--s 00058000 fd:00 11274002                   /opt/android-studio/gradle/m2repository/org/ow2/asm/asm-debug-all/5.0.1/asm-debug-all-5.0.1.jar
7efcdc041000-7efcdc051000 r--s 000d6000 fd:00 11274841                   /opt/android-studio/gradle/m2repository/net/sf/proguard/proguard-base/5.2.1/proguard-base-5.2.1.jar
7efcdc051000-7efcdc054000 r--s 00033000 fd:00 11274288                   /opt/android-studio/gradle/m2repository/com/googlecode/juniversalchardet/juniversalchardet/1.0.3/juniversalchardet-1.0.3.jar
7efcdc054000-7efcdc058000 r--s 0002a000 fd:00 11273973                   /opt/android-studio/gradle/m2repository/commons-io/commons-io/2.4/commons-io-2.4.jar
7efcdc058000-7efcdc06f000 r--s 00154000 fd:00 11274141                   /opt/android-studio/gradle/m2repository/org/antlr/antlr4/4.5.3/antlr4-4.5.3.jar
7efcdc06f000-7efcdc070000 r--s 00002000 fd:00 11274366                   /opt/android-studio/gradle/m2repository/com/android/databinding/baseLibrary/2.2.3/baseLibrary-2.2.3.jar
7efcdc070000-7efcdc083000 r--s 00236000 fd:00 11274086                   /opt/android-studio/gradle/m2repository/org/eclipse/jdt/core/compiler/ecj/4.5.1/ecj-4.5.1.jar
7efcdc083000-7efcdc08a000 r--s 000c3000 fd:00 11274720                   /opt/android-studio/gradle/m2repository/com/android/tools/lint/lint-checks/25.2.3/lint-checks-25.2.3.jar
7efcdc08a000-7efcdc08c000 r--s 00006000 fd:00 11274041                   /opt/android-studio/gradle/m2repository/org/ow2/asm/asm-tree/5.0.4/asm-tree-5.0.4.jar
7efcdc08c000-7efcdc0bf000 r--s 00203000 fd:00 11274148                   /opt/android-studio/gradle/m2repository/org/bouncycastle/bcprov-jdk15on/1.48/bcprov-jdk15on-1.48.jar
7efcdc0bf000-7efcdc0cd000 r--s 00081000 fd:00 11274153                   /opt/android-studio/gradle/m2repository/org/bouncycastle/bcpkix-jdk15on/1.48/bcpkix-jdk15on-1.48.jar
7efcdc0cd000-7efcdc0cf000 r--s 00002000 fd:00 11274296                   /opt/android-studio/gradle/m2repository/com/squareup/javawriter/2.5.0/javawriter-2.5.0.jar
7efcdc0cf000-7efcdc0d0000 r--s 00002000 fd:00 11274691                   /opt/android-studio/gradle/m2repository/com/android/tools/analytics-library/tracker/25.2.3/tracker-25.2.3.jar
7efcdc0d0000-7efcdc0d2000 r--s 00003000 fd:00 11274705                   /opt/android-studio/gradle/m2repository/com/android/tools/analytics-library/shared/25.2.3/shared-25.2.3.jar
7efcdc0d2000-7efcdc0df000 r--s 000ed000 fd:00 11274698                   /opt/android-studio/gradle/m2repository/com/android/tools/analytics-library/protos/25.2.3/protos-25.2.3.jar
7efcdc0df000-7efcdc0e0000 r--s 00001000 fd:00 11274571                   /opt/android-studio/gradle/m2repository/com/android/tools/jill/jill-api/0.10.0/jill-api-0.10.0.jar
7efcdc0e0000-7efcdc0e2000 r--s 00003000 fd:00 11274789                   /opt/android-studio/gradle/m2repository/com/android/tools/jack/jack-api/0.11.0/jack-api-0.11.0.jar
7efcdc0e2000-7efcdc0e7000 r--s 0004a000 fd:00 11274607                   /opt/android-studio/gradle/m2repository/com/android/tools/ddms/ddmlib/25.2.3/ddmlib-25.2.3.jar
7efcdc0e7000-7efcdc0ea000 r--s 00021000 fd:00 11274492                   /opt/android-studio/gradle/m2repository/com/android/tools/build/manifest-merger/25.2.3/manifest-merger-25.2.3.jar
7efcdc0ea000-7efcdc0ec000 r--s 0001c000 fd:00 11274805                   /opt/android-studio/gradle/m2repository/com/android/tools/common/25.2.3/common-25.2.3.jar
7efcdc0ec000-7efcdc0f4000 r--s 00084000 fd:00 11274589                   /opt/android-studio/gradle/m2repository/com/android/tools/sdk-common/25.2.3/sdk-common-25.2.3.jar
7efcdc0f4000-7efcdc0ff000 r--s 0008e000 fd:00 11274774                   /opt/android-studio/gradle/m2repository/com/android/tools/sdklib/25.2.3/sdklib-25.2.3.jar
7efcdc0ff000-7efcdc100000 r--s 00002000 fd:00 11274458                   /opt/android-studio/gradle/m2repository/com/android/tools/build/builder-test-api/2.2.3/builder-test-api-2.2.3.jar
7efcdc100000-7efcdc103000 r--s 00005000 fd:00 11274527                   /opt/android-studio/gradle/m2repository/com/android/tools/build/builder-model/2.2.3/builder-model-2.2.3.jar
7efcdc103000-7efcdc10b000 r--s 0007b000 fd:00 11274328                   /opt/android-studio/gradle/m2repository/com/google/protobuf/protobuf-java/2.5.0/protobuf-java-2.5.0.jar
7efcdc10b000-7efcdc10d000 r--s 0000f000 fd:00 11274818                   /opt/android-studio/gradle/m2repository/net/sf/jopt-simple/jopt-simple/4.9/jopt-simple-4.9.jar
7efcdc10d000-7efcdc111000 r--s 0001f000 fd:00 11274184                   /opt/android-studio/gradle/m2repository/org/jacoco/org.jacoco.report/0.7.5.201505241946/org.jacoco.report-0.7.5.201505241946.jar
7efcdc111000-7efcdc115000 r--s 0001d000 fd:00 11274169                   /opt/android-studio/gradle/m2repository/org/jacoco/org.jacoco.core/0.7.5.201505241946/org.jacoco.core-0.7.5.201505241946.jar
7efcdc115000-7efcdc116000 r--s 00002000 fd:00 11274862                   /opt/android-studio/gradle/m2repository/net/sf/proguard/proguard-gradle/5.2.1/proguard-gradle-5.2.1.jar
7efcdc116000-7efcdc118000 r--s 00009000 fd:00 11274050                   /opt/android-studio/gradle/m2repository/org/ow2/asm/asm-commons/5.0.4/asm-commons-5.0.4.jar
7efcdc118000-7efcdc11a000 r--s 0000c000 fd:00 11274073                   /opt/android-studio/gradle/m2repository/org/ow2/asm/asm/5.0.4/asm-5.0.4.jar
7efcdc11a000-7efcdc11e000 r--s 0002b000 fd:00 11274393                   /opt/android-studio/gradle/m2repository/com/android/databinding/compilerCommon/2.2.3/compilerCommon-2.2.3.jar
7efcdc11e000-7efcdc11f000 r--s 00002000 fd:00 11274476                   /opt/android-studio/gradle/m2repository/com/android/tools/build/gradle-api/2.2.3/gradle-api-2.2.3.jar
7efcdc11f000-7efcdc120000 r--s 00000000 fd:00 11274515                   /opt/android-studio/gradle/m2repository/com/android/tools/build/transform-api/2.0.0-deprecated-use-gradle-api/transform-api-2.0.0-deprecated-use-gradle-api.jar
7efcdc120000-7efcdc125000 r--s 00053000 fd:00 11274738                   /opt/android-studio/gradle/m2repository/com/android/tools/lint/lint/25.2.3/lint-25.2.3.jar
7efcdc125000-7efcdc13c000 r--s 0015e000 fd:00 11274445                   /opt/android-studio/gradle/m2repository/com/android/tools/build/builder/2.2.3/builder-2.2.3.jar
7efcdc13c000-7efcdc159000 r--s 0019d000 fd:00 11274504                   /opt/android-studio/gradle/m2repository/com/android/tools/build/gradle-core/2.2.3/gradle-core-2.2.3.jar
7efcdc159000-7efcdc15b000 r--s 0000d000 fd:00 11274540                   /opt/android-studio/gradle/m2repository/com/android/tools/build/gradle/2.2.3/gradle-2.2.3.jar
7efcdc15b000-7efcdc15e000 ---p 00000000 00:00 0 
7efcdc15e000-7efcdc45c000 rw-p 00000000 00:00 0 
7efcdc45c000-7efcdc45f000 ---p 00000000 00:00 0 
7efcdc45f000-7efcdc495000 rw-p 00000000 00:00 0 
7efcdc495000-7efcdc496000 r--p 00000000 00:00 0 
7efcdc496000-7efcdc696000 rw-p 00000000 00:00 0 
7efcdc696000-7efcdc896000 rw-p 00000000 00:00 0 
7efcdc896000-7efcdca96000 rw-p 00000000 00:00 0 
7efcdca96000-7efcdcc96000 rw-p 00000000 00:00 0 
7efcdcc96000-7efcdce96000 rw-p 00000000 00:00 0 
7efcdce96000-7efcdcf0e000 r--s 010eb000 fd:00 11010381                   /opt/android-studio/jre/lib/tools.jar
7efcdcf0e000-7efcdcf11000 ---p 00000000 00:00 0 
7efcdcf11000-7efcdd00f000 rw-p 00000000 00:00 0 
7efcdd00f000-7efcdd012000 ---p 00000000 00:00 0 
7efcdd012000-7efcdd110000 rw-p 00000000 00:00 0 
7efcdd110000-7efcdd113000 ---p 00000000 00:00 0 
7efcdd113000-7efcdd211000 rw-p 00000000 00:00 0 
7efcdd211000-7efcdd214000 ---p 00000000 00:00 0 
7efcdd214000-7efcdd312000 rw-p 00000000 00:00 0 
7efcdd312000-7efcdd315000 ---p 00000000 00:00 0 
7efcdd315000-7efcdd413000 rw-p 00000000 00:00 0 
7efcdd413000-7efcdd416000 ---p 00000000 00:00 0 
7efcdd416000-7efcdd714000 rw-p 00000000 00:00 0 
7efcdd714000-7efcdd717000 ---p 00000000 00:00 0 
7efcdd717000-7efcdd815000 rw-p 00000000 00:00 0 
7efcdd815000-7efcdd81c000 r--s 00000000 fd:00 3539599                    /usr/lib64/gconv/gconv-modules.cache
7efcdd81c000-7efcdd81f000 ---p 00000000 00:00 0 
7efcdd81f000-7efcdd91d000 rw-p 00000000 00:00 0 
7efcdd91d000-7efcdd926000 r-xp 00000000 fd:00 11010517                   /opt/android-studio/jre/jre/lib/amd64/libmanagement.so
7efcdd926000-7efcddb25000 ---p 00009000 fd:00 11010517                   /opt/android-studio/jre/jre/lib/amd64/libmanagement.so
7efcddb25000-7efcddb26000 r--p 00008000 fd:00 11010517                   /opt/android-studio/jre/jre/lib/amd64/libmanagement.so
7efcddb26000-7efcddb27000 rw-p 00009000 fd:00 11010517                   /opt/android-studio/jre/jre/lib/amd64/libmanagement.so
7efcddb27000-7efcddb2b000 r--s 00097000 fd:00 11010491                   /opt/android-studio/jre/jre/lib/jsse.jar
7efcddb2b000-7efcddb2d000 r--s 00007000 fd:00 11273836                   /opt/android-studio/gradle/gradle-2.14.1/lib/plugins/gradle-tooling-api-builders-2.14.1.jar
7efcddb2d000-7efcddb30000 r--s 00008000 fd:00 11273830                   /opt/android-studio/gradle/gradle-2.14.1/lib/plugins/gradle-testing-native-2.14.1.jar
7efcddb30000-7efcddb32000 r--s 00009000 fd:00 11273911                   /opt/android-studio/gradle/gradle-2.14.1/lib/plugins/hamcrest-core-1.3.jar
7efcddb32000-7efcddb38000 r--s 00033000 fd:00 11273841                   /opt/android-studio/gradle/gradle-2.14.1/lib/plugins/snakeyaml-1.6.jar
7efcddb38000-7efcddb3a000 r--s 00006000 fd:00 11273862                   /opt/android-studio/gradle/gradle-2.14.1/lib/plugins/jcommander-1.12.jar
7efcddb3a000-7efcddb3f000 r--s 00040000 fd:00 11273839                   /opt/android-studio/gradle/gradle-2.14.1/lib/plugins/bsh-2.0b4.jar
7efcddb3f000-7efcddb48000 r--s 00089000 fd:00 11273865                   /opt/android-studio/gradle/gradle-2.14.1/lib/plugins/testng-6.3.1.jar
7efcddb48000-7efcddb50000 r--s 00045000 fd:00 11273870                   /opt/android-studio/gradle/gradle-2.14.1/lib/plugins/junit-4.12.jar
7efcddb50000-7efcddb56000 r--s 0002e000 fd:00 11273846                   /opt/android-studio/gradle/gradle-2.14.1/lib/plugins/gradle-testing-jvm-2.14.1.jar
7efcddb56000-7efcddb5b000 r--s 00015000 fd:00 11273855                   /opt/android-studio/gradle/gradle-2.14.1/lib/plugins/gradle-testing-base-2.14.1.jar
7efcddb5b000-7efcddb5c000 r--s 00002000 fd:00 11273868                   /opt/android-studio/gradle/gradle-2.14.1/lib/plugins/sonar-batch-bootstrapper-2.9.jar
7efcddb5c000-7efcddb5f000 r--s 00015000 fd:00 11273845                   /opt/android-studio/gradle/gradle-2.14.1/lib/plugins/gradle-sonar-2.14.1.jar
7efcddb5f000-7efcddb66000 r--s 00038000 fd:00 11273886                   /opt/android-studio/gradle/gradle-2.14.1/lib/plugins/bcpg-jdk15on-1.51.jar
7efcddb66000-7efcddb68000 r--s 0000d000 fd:00 11273892                   /opt/android-studio/gradle/gradle-2.14.1/lib/plugins/gradle-signing-2.14.1.jar
7efcddb68000-7efcddb6b000 r--s 00009000 fd:00 11273875                   /opt/android-studio/gradle/gradle-2.14.1/lib/plugins/gradle-scala-2.14.1.jar
7efcddb6b000-7efcddb6c000 r--s 00004000 fd:00 11273899                   /opt/android-studio/gradle/gradle-2.14.1/lib/plugins/gradle-resources-sftp-2.14.1.jar
7efcddb6c000-7efcddb7c000 r--s 00088000 fd:00 11273852                   /opt/android-studio/gradle/gradle-2.14.1/lib/plugins/joda-time-2.8.2.jar
7efcddb7c000-7efcddb8d000 r--s 000cf000 fd:00 11273918                   /opt/android-studio/gradle/gradle-2.14.1/lib/plugins/jackson-databind-2.3.2.jar
7efcddb8d000-7efcddb8f000 r--s 00007000 fd:00 11273881                   /opt/android-studio/gradle/gradle-2.14.1/lib/plugins/jackson-annotations-2.3.2.jar
7efcddb8f000-7efcddb92000 r--s 0002e000 fd:00 11273888                   /opt/android-studio/gradle/gradle-2.14.1/lib/plugins/jackson-core-2.3.2.jar
7efcddb92000-7efcddb9d000 r--s 0006b000 fd:00 11273935                   /opt/android-studio/gradle/gradle-2.14.1/lib/plugins/aws-java-sdk-core-1.9.19.jar
7efcddb9d000-7efcddba3000 r--s 00036000 fd:00 11273880                   /opt/android-studio/gradle/gradle-2.14.1/lib/plugins/aws-java-sdk-kms-1.9.19.jar
7efcddba3000-7efcddbae000 r--s 00079000 fd:00 11273867                   /opt/android-studio/gradle/gradle-2.14.1/lib/plugins/aws-java-sdk-s3-1.9.19.jar
7efcddbae000-7efcddbaf000 r--s 00003000 fd:00 11273914                   /opt/android-studio/gradle/gradle-2.14.1/lib/plugins/gradle-resources-s3-2.14.1.jar
7efcddbaf000-7efcddbb1000 r--s 00005000 fd:00 11273909                   /opt/android-studio/gradle/gradle-2.14.1/lib/plugins/jatl-0.2.2.jar
7efcddbb1000-7efcddbb3000 r--s 0000f000 fd:00 11273926                   /opt/android-studio/gradle/gradle-2.14.1/lib/plugins/gradle-reporting-2.14.1.jar
7efcddbb3000-7efcddbb5000 r--s 00002000 fd:00 11273885                   /opt/android-studio/gradle/gradle-2.14.1/lib/plugins/gradle-publish-2.14.1.jar
7efcddbb5000-7efcddbb7000 r--s 00009000 fd:00 11273858                   /opt/android-studio/gradle/gradle-2.14.1/lib/plugins/commons-cli-1.2.jar
7efcddbb7000-7efcddbbd000 r--s 00033000 fd:00 11273869                   /opt/android-studio/gradle/gradle-2.14.1/lib/plugins/gradle-plugins-2.14.1.jar
7efcddbbd000-7efcddbbf000 r--s 00007000 fd:00 11273833                   /opt/android-studio/gradle/gradle-2.14.1/lib/plugins/gradle-plugin-development-2.14.1.jar
7efcddbbf000-7efcddbc5000 r--s 0002a000 fd:00 11273891                   /opt/android-studio/gradle/gradle-2.14.1/lib/plugins/gradle-platform-play-2.14.1.jar
7efcddbc5000-7efcddbd2000 r--s 0004d000 fd:00 11273890                   /opt/android-studio/gradle/gradle-2.14.1/lib/plugins/gradle-platform-native-2.14.1.jar
7efcddbd2000-7efcddbd6000 r--s 0001a000 fd:00 11273912                   /opt/android-studio/gradle/gradle-2.14.1/lib/plugins/gradle-platform-jvm-2.14.1.jar
7efcddbd6000-7efcddbdd000 r--s 00029000 fd:00 11273861                   /opt/android-studio/gradle/gradle-2.14.1/lib/plugins/gradle-platform-base-2.14.1.jar
7efcddbdd000-7efcddbfe000 r--s 001c3000 fd:00 11273837                   /opt/android-studio/gradle/gradle-2.14.1/lib/plugins/bndlib-2.4.0.jar
7efcddbfe000-7efcddc00000 r--s 00003000 fd:00 11273917                   /opt/android-studio/gradle/gradle-2.14.1/lib/plugins/gradle-osgi-2.14.1.jar
7efcddc00000-7efcddc03000 r--s 0000c000 fd:00 11273921                   /opt/android-studio/gradle/gradle-2.14.1/lib/plugins/pmaven-groovy-0.8-20100325.jar
7efcddc03000-7efcddc04000 r--s 00004000 fd:00 11273907                   /opt/android-studio/gradle/gradle-2.14.1/lib/plugins/pmaven-common-0.8-20100325.jar
7efcddc04000-7efcddc0a000 r--s 00022000 fd:00 11273860                   /opt/android-studio/gradle/gradle-2.14.1/lib/plugins/gradle-maven-2.14.1.jar
7efcddc0a000-7efcddc0c000 r--s 0000a000 fd:00 11273842                   /opt/android-studio/gradle/gradle-2.14.1/lib/plugins/gradle-language-scala-2.14.1.jar
7efcddc0c000-7efcddc12000 r--s 0001a000 fd:00 11273847                   /opt/android-studio/gradle/gradle-2.14.1/lib/plugins/gradle-language-native-2.14.1.jar
7efcddc12000-7efcddc14000 r--s 00008000 fd:00 11273835                   /opt/android-studio/gradle/gradle-2.14.1/lib/plugins/gradle-language-jvm-2.14.1.jar
7efcddc14000-7efcddc1a000 r--s 00024000 fd:00 11273908                   /opt/android-studio/gradle/gradle-2.14.1/lib/plugins/gradle-language-java-2.14.1.jar
7efcddc1a000-7efcddc1c000 r--s 0000a000 fd:00 11273889                   /opt/android-studio/gradle/gradle-2.14.1/lib/plugins/gradle-language-groovy-2.14.1.jar
7efcddc1c000-7efcddc1f000 r--s 0001e000 fd:00 11273829                   /opt/android-studio/gradle/gradle-2.14.1/lib/plugins/jsp-api-2.1-6.1.14.jar
7efcddc1f000-7efcddc42000 r--s 00344000 fd:00 11273882                   /opt/android-studio/gradle/gradle-2.14.1/lib/plugins/core-3.1.1.jar
7efcddc42000-7efcddc43000 r--s 00006000 fd:00 11273919                   /opt/android-studio/gradle/gradle-2.14.1/lib/plugins/jetty-naming-6.1.25.jar
7efcddc43000-7efcddc44000 r--s 00002000 fd:00 11273877                   /opt/android-studio/gradle/gradle-2.14.1/lib/plugins/geronimo-annotation_1.0_spec-1.0.jar
7efcddc44000-7efcddc46000 r--s 00002000 fd:00 11273915                   /opt/android-studio/gradle/gradle-2.14.1/lib/plugins/jetty-annotations-6.1.25.jar
7efcddc46000-7efcddc57000 r--s 000ea000 fd:00 11273928                   /opt/android-studio/gradle/gradle-2.14.1/lib/plugins/jsp-2.1-6.1.14.jar
7efcddc57000-7efcddc59000 r--s 0000d000 fd:00 11273883                   /opt/android-studio/gradle/gradle-2.14.1/lib/plugins/jetty-plus-6.1.25.jar
7efcddc59000-7efcddc5b000 r--s 0001f000 fd:00 11273942                   /opt/android-studio/gradle/gradle-2.14.1/lib/plugins/servlet-api-2.5-20081211.jar
7efcddc5b000-7efcddc5f000 r--s 00028000 fd:00 11273863                   /opt/android-studio/gradle/gradle-2.14.1/lib/plugins/jetty-util-6.1.25.jar
7efcddc5f000-7efcddc66000 r--s 0007d000 fd:00 11273871                   /opt/android-studio/gradle/gradle-2.14.1/lib/plugins/jetty-6.1.25.jar
7efcddc66000-7efcddc68000 r--s 00009000 fd:00 11273924                   /opt/android-studio/gradle/gradle-2.14.1/lib/plugins/gradle-jetty-2.14.1.jar
7efcddc68000-7efcddc6f000 r--s 00035000 fd:00 11273938                   /opt/android-studio/gradle/gradle-2.14.1/lib/plugins/simple-4.1.21.jar
7efcddc6f000-7efcddc7b000 r--s 00100000 fd:00 11273853                   /opt/android-studio/gradle/gradle-2.14.1/lib/plugins/rhino-1.7R3.jar
7efcddc7b000-7efcddc7f000 r--s 00011000 fd:00 11273906                   /opt/android-studio/gradle/gradle-2.14.1/lib/plugins/gradle-javascript-2.14.1.jar
7efcddc7f000-7efcddc81000 r--s 0000c000 fd:00 11273940                   /opt/android-studio/gradle/gradle-2.14.1/lib/plugins/gradle-jacoco-2.14.1.jar
7efcddc81000-7efcddc84000 r--s 0000e000 fd:00 11273937                   /opt/android-studio/gradle/gradle-2.14.1/lib/plugins/gradle-ivy-2.14.1.jar
7efcddc84000-7efcddc85000 r--s 00002000 fd:00 11273929                   /opt/android-studio/gradle/gradle-2.14.1/lib/plugins/gradle-ide-play-2.14.1.jar
7efcddc85000-7efcddc8a000 r--s 0002b000 fd:00 11273925                   /opt/android-studio/gradle/gradle-2.14.1/lib/plugins/gradle-ide-native-2.14.1.jar
7efcddc8a000-7efcddc95000 r--s 00066000 fd:00 11273843                   /opt/android-studio/gradle/gradle-2.14.1/lib/plugins/gradle-ide-2.14.1.jar
7efcddc95000-7efcddc96000 r--s 00008000 fd:00 11273840                   /opt/android-studio/gradle/gradle-2.14.1/lib/plugins/gradle-ear-2.14.1.jar
7efcddc96000-7efcddc9c000 r--s 00032000 fd:00 11273851                   /opt/android-studio/gradle/gradle-2.14.1/lib/plugins/gradle-diagnostics-2.14.1.jar
7efcddc9c000-7efcddca0000 r--s 00021000 fd:00 11273927                   /opt/android-studio/gradle/gradle-2.14.1/lib/plugins/gradle-code-quality-2.14.1.jar
7efcddca0000-7efcddca4000 r--s 0001f000 fd:00 11273850                   /opt/android-studio/gradle/gradle-2.14.1/lib/plugins/gradle-build-init-2.14.1.jar
7efcddca4000-7efcddcab000 r--s 0008e000 fd:00 11273934                   /opt/android-studio/gradle/gradle-2.14.1/lib/plugins/gradle-build-comparison-2.14.1.jar
7efcddcab000-7efcddcad000 r--s 00008000 fd:00 11273910                   /opt/android-studio/gradle/gradle-2.14.1/lib/plugins/gradle-antlr-2.14.1.jar
7efcddcad000-7efcddcaf000 r--s 00004000 fd:00 11273936                   /opt/android-studio/gradle/gradle-2.14.1/lib/plugins/gradle-announce-2.14.1.jar
7efcddcaf000-7efcddcc7000 r--s 00115000 fd:00 11273874                   /opt/android-studio/gradle/gradle-2.14.1/lib/plugins/xercesImpl-2.9.1.jar
7efcddcc7000-7efcddccf000 r--s 00028000 fd:00 11273902                   /opt/android-studio/gradle/gradle-2.14.1/lib/plugins/xml-apis-1.3.04.jar
7efcddccf000-7efcddcd5000 r--s 0005b000 fd:00 11273893                   /opt/android-studio/gradle/gradle-2.14.1/lib/plugins/jcifs-1.3.17.jar
7efcddcd5000-7efcddcdc000 r--s 00049000 fd:00 11273904                   /opt/android-studio/gradle/gradle-2.14.1/lib/plugins/httpcore-4.4.4.jar
7efcddcdc000-7efcddce2000 r--s 00033000 fd:00 11273849                   /opt/android-studio/gradle/gradle-2.14.1/lib/plugins/commons-codec-1.6.jar
7efcddce2000-7efcddce5000 r--s 0001c000 fd:00 11273844                   /opt/android-studio/gradle/gradle-2.14.1/lib/plugins/nekohtml-1.9.14.jar
7efcddce5000-7efcddcf2000 r--s 000a4000 fd:00 11273922                   /opt/android-studio/gradle/gradle-2.14.1/lib/plugins/httpclient-4.4.1.jar
7efcddcf2000-7efcddcf4000 r--s 0000a000 fd:00 11273831                   /opt/android-studio/gradle/gradle-2.14.1/lib/plugins/gradle-resources-http-2.14.1.jar
7efcddcf4000-7efcddcf8000 r--s 00014000 fd:00 11273896                   /opt/android-studio/gradle/gradle-2.14.1/lib/plugins/gradle-plugin-use-2.14.1.jar
7efcddcf8000-7efcddcf9000 r--s 00000000 fd:00 11273787                   /opt/android-studio/gradle/gradle-2.14.1/lib/gradle-installation-beacon-2.14.1.jar
7efcddcf9000-7efcddcfa000 r--s 00007000 fd:00 11273859                   /opt/android-studio/gradle/gradle-2.14.1/lib/plugins/wagon-http-shared4-2.4.jar
7efcddcfa000-7efcddcfe000 r--s 00033000 fd:00 11273913                   /opt/android-studio/gradle/gradle-2.14.1/lib/plugins/plexus-utils-2.0.6.jar
7efcddcfe000-7efcddd02000 r--s 00021000 fd:00 11273895                   /opt/android-studio/gradle/gradle-2.14.1/lib/plugins/maven-model-builder-3.0.4.jar
7efcddd02000-7efcddd03000 r--s 00002000 fd:00 11273848                   /opt/android-studio/gradle/gradle-2.14.1/lib/plugins/wagon-file-2.4.jar
7efcddd03000-7efcddd05000 r--s 00002000 fd:00 11273905                   /opt/android-studio/gradle/gradle-2.14.1/lib/plugins/plexus-cipher-1.7.jar
7efcddd05000-7efcddd08000 r--s 00013000 fd:00 11273941                   /opt/android-studio/gradle/gradle-2.14.1/lib/plugins/aether-api-1.13.1.jar
7efcddd08000-7efcddd0a000 r--s 0000a000 fd:00 11273864                   /opt/android-studio/gradle/gradle-2.14.1/lib/plugins/maven-settings-3.0.4.jar
7efcddd0a000-7efcddd0c000 r--s 0000d000 fd:00 11273897                   /opt/android-studio/gradle/gradle-2.14.1/lib/plugins/plexus-interpolation-1.14.jar
7efcddd0c000-7efcddd0e000 r--s 0000b000 fd:00 11273920                   /opt/android-studio/gradle/gradle-2.14.1/lib/plugins/maven-artifact-3.0.4.jar
7efcddd0e000-7efcddd15000 r--s 0002e000 fd:00 11273856                   /opt/android-studio/gradle/gradle-2.14.1/lib/plugins/plexus-container-default-1.5.5.jar
7efcddd15000-7efcddd17000 r--s 0000b000 fd:00 11273884                   /opt/android-studio/gradle/gradle-2.14.1/lib/plugins/maven-plugin-api-3.0.4.jar
7efcddd17000-7efcddd19000 r--s 00000000 fd:00 11273887                   /opt/android-studio/gradle/gradle-2.14.1/lib/plugins/plexus-component-annotations-1.5.5.jar
7efcddd19000-7efcddd1f000 r--s 0003f000 fd:00 11273898                   /opt/android-studio/gradle/gradle-2.14.1/lib/plugins/maven-compat-3.0.4.jar
7efcddd1f000-7efcddd22000 r--s 00008000 fd:00 11273872                   /opt/android-studio/gradle/gradle-2.14.1/lib/plugins/maven-settings-builder-3.0.4.jar
7efcddd22000-7efcddd23000 r--s 00002000 fd:00 11273828                   /opt/android-studio/gradle/gradle-2.14.1/lib/plugins/wagon-http-2.4.jar
7efcddd23000-7efcddd25000 r--s 00026000 fd:00 11273939                   /opt/android-studio/gradle/gradle-2.14.1/lib/plugins/maven-model-3.0.4.jar
7efcddd25000-7efcddd27000 r--s 00006000 fd:00 11273916                   /opt/android-studio/gradle/gradle-2.14.1/lib/plugins/aether-connector-wagon-1.13.1.jar
7efcddd27000-7efcddd29000 r--s 0000a000 fd:00 11273857                   /opt/android-studio/gradle/gradle-2.14.1/lib/plugins/plexus-classworlds-2.4.jar
7efcddd29000-7efcddd2b000 r--s 00006000 fd:00 11273900                   /opt/android-studio/gradle/gradle-2.14.1/lib/plugins/maven-repository-metadata-3.0.4.jar
7efcddd2b000-7efcddd2d000 r--s 0000c000 fd:00 11273876                   /opt/android-studio/gradle/gradle-2.14.1/lib/plugins/maven-aether-provider-3.0.4.jar
7efcddd2d000-7efcddd2f000 r--s 0000b000 fd:00 11273866                   /opt/android-studio/gradle/gradle-2.14.1/lib/plugins/wagon-provider-api-2.4.jar
7efcddd2f000-7efcddd30000 r--s 00003000 fd:00 11273832                   /opt/android-studio/gradle/gradle-2.14.1/lib/plugins/aether-spi-1.13.1.jar
7efcddd30000-7efcddd34000 r--s 0001c000 fd:00 11273930                   /opt/android-studio/gradle/gradle-2.14.1/lib/plugins/aether-util-1.13.1.jar
7efcddd34000-7efcddd37000 r--s 0001d000 fd:00 11273894                   /opt/android-studio/gradle/gradle-2.14.1/lib/plugins/aether-impl-1.13.1.jar
7efcddd37000-7efcddd3c000 r--s 00040000 fd:00 11273834                   /opt/android-studio/gradle/gradle-2.14.1/lib/plugins/jsch-0.1.53.jar
7efcddd3c000-7efcddd7c000 r--s 00277000 fd:00 11273838                   /opt/android-studio/gradle/gradle-2.14.1/lib/plugins/bcprov-jdk15on-1.51.jar
7efcddd7c000-7efcddd80000 r--s 0001d000 fd:00 11273879                   /opt/android-studio/gradle/gradle-2.14.1/lib/plugins/xbean-reflect-3.4.jar
7efcddd80000-7efcddd8c000 r--s 0007d000 fd:00 11273903                   /opt/android-studio/gradle/gradle-2.14.1/lib/plugins/maven-core-3.0.4.jar
7efcddd8c000-7efcddda2000 r-xp 00000000 fd:00 3150378                    /usr/lib64/libgcc_s-6.3.1-20161221.so.1
7efcddda2000-7efcddfa1000 ---p 00016000 fd:00 3150378                    /usr/lib64/libgcc_s-6.3.1-20161221.so.1
7efcddfa1000-7efcddfa2000 r--p 00015000 fd:00 3150378                    /usr/lib64/libgcc_s-6.3.1-20161221.so.1
7efcddfa2000-7efcddfa3000 rw-p 00016000 fd:00 3150378                    /usr/lib64/libgcc_s-6.3.1-20161221.so.1
7efcddfa3000-7efcde11b000 r-xp 00000000 fd:00 3150391                    /usr/lib64/libstdc++.so.6.0.22
7efcde11b000-7efcde31b000 ---p 00178000 fd:00 3150391                    /usr/lib64/libstdc++.so.6.0.22
7efcde31b000-7efcde325000 r--p 00178000 fd:00 3150391                    /usr/lib64/libstdc++.so.6.0.22
7efcde325000-7efcde327000 rw-p 00182000 fd:00 3150391                    /usr/lib64/libstdc++.so.6.0.22
7efcde327000-7efcde32b000 rw-p 00000000 00:00 0 
7efcde32b000-7efcde32c000 r--s 00006000 fd:00 11273901                   /opt/android-studio/gradle/gradle-2.14.1/lib/plugins/plexus-sec-dispatcher-1.3.jar
7efcde32c000-7efcde331000 r--s 0002a000 fd:00 11273873                   /opt/android-studio/gradle/gradle-2.14.1/lib/plugins/gson-2.2.4.jar
7efcde331000-7efcde340000 r--s 000d9000 fd:00 11273854                   /opt/android-studio/gradle/gradle-2.14.1/lib/plugins/ivy-2.2.0.jar
7efcde340000-7efcde35c000 r--s 000d3000 fd:00 11273878                   /opt/android-studio/gradle/gradle-2.14.1/lib/plugins/gradle-dependency-management-2.14.1.jar
7efcde35c000-7efcde360000 r-xp 00000000 fd:02 955048                     /home/travis/.gradle/native/19/linux-amd64/libnative-platform.so
7efcde360000-7efcde55f000 ---p 00004000 fd:02 955048                     /home/travis/.gradle/native/19/linux-amd64/libnative-platform.so
7efcde55f000-7efcde560000 rw-p 00003000 fd:02 955048                     /home/travis/.gradle/native/19/linux-amd64/libnative-platform.so
7efcde560000-7efcde571000 r-xp 00000000 fd:00 11010505                   /opt/android-studio/jre/jre/lib/amd64/libnio.so
7efcde571000-7efcde770000 ---p 00011000 fd:00 11010505                   /opt/android-studio/jre/jre/lib/amd64/libnio.so
7efcde770000-7efcde771000 r--p 00010000 fd:00 11010505                   /opt/android-studio/jre/jre/lib/amd64/libnio.so
7efcde771000-7efcde772000 rw-p 00011000 fd:00 11010505                   /opt/android-studio/jre/jre/lib/amd64/libnio.so
7efcde772000-7efcde789000 r-xp 00000000 fd:00 11010503                   /opt/android-studio/jre/jre/lib/amd64/libnet.so
7efcde789000-7efcde988000 ---p 00017000 fd:00 11010503                   /opt/android-studio/jre/jre/lib/amd64/libnet.so
7efcde988000-7efcde989000 r--p 00016000 fd:00 11010503                   /opt/android-studio/jre/jre/lib/amd64/libnet.so
7efcde989000-7efcde98a000 rw-p 00017000 fd:00 11010503                   /opt/android-studio/jre/jre/lib/amd64/libnet.so
7efcde98a000-7efcde98c000 r--s 00005000 fd:00 11273797                   /opt/android-studio/gradle/gradle-2.14.1/lib/gradle-wrapper-2.14.1.jar
7efcde98c000-7efcde99a000 r--s 0004f000 fd:00 11273782                   /opt/android-studio/gradle/gradle-2.14.1/lib/gradle-tooling-api-2.14.1.jar
7efcde99a000-7efcde99c000 r--s 00002000 fd:00 11273786                   /opt/android-studio/gradle/gradle-2.14.1/lib/gradle-open-api-2.14.1.jar
7efcde99c000-7efcde9a2000 r--s 00032000 fd:00 11273820                   /opt/android-studio/gradle/gradle-2.14.1/lib/jaxen-1.1.jar
7efcde9a2000-7efcde9a7000 r--s 00048000 fd:00 11273785                   /opt/android-studio/gradle/gradle-2.14.1/lib/dom4j-1.6.1.jar
7efcde9a7000-7efcde9b2000 r--s 00059000 fd:00 11273814                   /opt/android-studio/gradle/gradle-2.14.1/lib/gradle-ui-2.14.1.jar
7efcde9b2000-7efcde9b5000 r--s 0000b000 fd:00 11273943                   /opt/android-studio/gradle/gradle-2.14.1/lib/gradle-resources-2.14.1.jar
7efcde9b5000-7efcde9b7000 r--s 00003000 fd:00 11273823                   /opt/android-studio/gradle/gradle-2.14.1/lib/jcl-over-slf4j-1.7.10.jar
7efcde9b7000-7efcde9b8000 r--s 00005000 fd:00 11273817                   /opt/android-studio/gradle/gradle-2.14.1/lib/log4j-over-slf4j-1.7.10.jar
7efcde9b8000-7efcde9ba000 r--s 00000000 fd:00 11273944                   /opt/android-studio/gradle/gradle-2.14.1/lib/jul-to-slf4j-1.7.10.jar
7efcde9ba000-7efcde9bf000 r--s 0001c000 fd:00 11273795                   /opt/android-studio/gradle/gradle-2.14.1/lib/gradle-logging-2.14.1.jar
7efcde9bf000-7efcde9c1000 r--s 00007000 fd:00 11273826                   /opt/android-studio/gradle/gradle-2.14.1/lib/objenesis-1.2.jar
7efcde9c1000-7efcde9c3000 r--s 00000000 fd:00 11273790                   /opt/android-studio/gradle/gradle-2.14.1/lib/minlog-1.2.jar
7efcde9c3000-7efcde9c5000 r--s 0000f000 fd:00 11273801                   /opt/android-studio/gradle/gradle-2.14.1/lib/reflectasm-1.07-shaded.jar
7efcde9c5000-7efcde9c9000 r--s 00026000 fd:00 11273815                   /opt/android-studio/gradle/gradle-2.14.1/lib/kryo-2.20.jar
7efcde9c9000-7efcde9cf000 r--s 00025000 fd:00 11273784                   /opt/android-studio/gradle/gradle-2.14.1/lib/gradle-messaging-2.14.1.jar
7efcde9cf000-7efcde9d0000 r--s 00003000 fd:00 11273822                   /opt/android-studio/gradle/gradle-2.14.1/lib/native-platform-freebsd-amd64-0.10.jar
7efcde9d0000-7efcde9d1000 r--s 00003000 fd:00 11273804                   /opt/android-studio/gradle/gradle-2.14.1/lib/native-platform-freebsd-i386-0.10.jar
7efcde9d1000-7efcde9d2000 r--s 00005000 fd:00 11273792                   /opt/android-studio/gradle/gradle-2.14.1/lib/native-platform-windows-i386-0.10.jar
7efcde9d2000-7efcde9d3000 r--s 00005000 fd:00 11273791                   /opt/android-studio/gradle/gradle-2.14.1/lib/native-platform-windows-amd64-0.10.jar
7efcde9d3000-7efcde9d4000 r--s 00003000 fd:00 11273805                   /opt/android-studio/gradle/gradle-2.14.1/lib/native-platform-linux-i386-0.10.jar
7efcde9d4000-7efcde9d5000 r--s 00003000 fd:00 11273789                   /opt/android-studio/gradle/gradle-2.14.1/lib/native-platform-linux-amd64-0.10.jar
7efcde9d5000-7efcde9d6000 r--s 00002000 fd:00 11273788                   /opt/android-studio/gradle/gradle-2.14.1/lib/native-platform-osx-amd64-0.10.jar
7efcde9d6000-7efcde9d7000 r--s 00002000 fd:00 11273818                   /opt/android-studio/gradle/gradle-2.14.1/lib/native-platform-osx-i386-0.10.jar
7efcde9d7000-7efcde9d9000 r--s 00008000 fd:00 11273819                   /opt/android-studio/gradle/gradle-2.14.1/lib/jansi-1.2.1.jar
7efcde9d9000-7efcde9dc000 r--s 0000d000 fd:00 11273813                   /opt/android-studio/gradle/gradle-2.14.1/lib/native-platform-0.10.jar
7efcde9dc000-7efcde9e0000 r--s 000e4000 fd:00 11273812                   /opt/android-studio/gradle/gradle-2.14.1/lib/jna-3.2.7.jar
7efcde9e0000-7efcde9e2000 r--s 00009000 fd:00 11273824                   /opt/android-studio/gradle/gradle-2.14.1/lib/gradle-native-2.14.1.jar
7efcde9e2000-7efcde9f1000 r--s 00080000 fd:00 11273810                   /opt/android-studio/gradle/gradle-2.14.1/lib/gradle-model-core-2.14.1.jar
7efcde9f1000-7efcde9fe000 r--s 00083000 fd:00 11273945                   /opt/android-studio/gradle/gradle-2.14.1/lib/commons-collections-3.2.2.jar
7efcde9fe000-7efcdea6d000 r--s 0063e000 fd:00 11273947                   /opt/android-studio/gradle/gradle-2.14.1/lib/groovy-all-2.4.4.jar
7efcdea6d000-7efcdea95000 r--s 001cf000 fd:00 11273798                   /opt/android-studio/gradle/gradle-2.14.1/lib/guava-jdk5-17.0.jar
7efcdea95000-7efcdeab4000 r--s 001d1000 fd:00 11273796                   /opt/android-studio/gradle/gradle-2.14.1/lib/ant-1.9.6.jar
7efcdeab4000-7efcdeaeb000 r--s 001bd000 fd:00 11273799                   /opt/android-studio/gradle/gradle-2.14.1/lib/gradle-core-2.14.1.jar
7efcdeaeb000-7efcdeaec000 ---p 00000000 00:00 0 
7efcdeaec000-7efcdebec000 rw-p 00000000 00:00 0 
7efcdebec000-7efcdebef000 ---p 00000000 00:00 0 
7efcdebef000-7efcdeced000 rw-p 00000000 00:00 0 
7efcdeced000-7efcdecf0000 ---p 00000000 00:00 0 
7efcdecf0000-7efcdedee000 rw-p 00000000 00:00 0 
7efcdedee000-7efcdedf1000 ---p 00000000 00:00 0 
7efcdedf1000-7efcdeeef000 rw-p 00000000 00:00 0 
7efcdeeef000-7efcdeef2000 ---p 00000000 00:00 0 
7efcdeef2000-7efcdeff0000 rw-p 00000000 00:00 0 
7efcdeff0000-7efcdeff3000 ---p 00000000 00:00 0 
7efcdeff3000-7efcdf0f1000 rw-p 00000000 00:00 0 
7efcdf0f1000-7efcdf0f4000 ---p 00000000 00:00 0 
7efcdf0f4000-7efcdf1f2000 rw-p 00000000 00:00 0 
7efcdf1f2000-7efcdf1f5000 ---p 00000000 00:00 0 
7efcdf1f5000-7efcdf2f3000 rw-p 00000000 00:00 0 
7efcdf2f3000-7efcdf2f4000 ---p 00000000 00:00 0 
7efcdf2f4000-7efce0000000 rw-p 00000000 00:00 0 
7efce0000000-7efce0022000 rw-p 00000000 00:00 0 
7efce0022000-7efce4000000 ---p 00000000 00:00 0 
7efce4000000-7efce4021000 rw-p 00000000 00:00 0 
7efce4021000-7efce8000000 ---p 00000000 00:00 0 
7efce8000000-7efce8021000 rw-p 00000000 00:00 0 
7efce8021000-7efcec000000 ---p 00000000 00:00 0 
7efcec000000-7efcec002000 r--s 00005000 fd:00 11273825                   /opt/android-studio/gradle/gradle-2.14.1/lib/gradle-cli-2.14.1.jar
7efcec002000-7efcec004000 r--s 00007000 fd:00 11273794                   /opt/android-studio/gradle/gradle-2.14.1/lib/gradle-model-groovy-2.14.1.jar
7efcec004000-7efcec005000 r--s 00006000 fd:00 11273809                   /opt/android-studio/gradle/gradle-2.14.1/lib/gradle-base-services-groovy-2.14.1.jar
7efcec005000-7efcec006000 r--s 00002000 fd:00 11273802                   /opt/android-studio/gradle/gradle-2.14.1/lib/gradle-docs-2.14.1.jar
7efcec006000-7efcec00a000 r--s 00027000 fd:00 11273816                   /opt/android-studio/gradle/gradle-2.14.1/lib/commons-io-2.2.jar
7efcec00a000-7efcec00f000 r--s 00038000 fd:00 11273806                   /opt/android-studio/gradle/gradle-2.14.1/lib/asm-all-5.1.jar
7efcec00f000-7efcec333000 rw-p 00000000 00:00 0 
7efcec333000-7efcec500000 r--s 03bec000 fd:00 11010473                   /opt/android-studio/jre/jre/lib/rt.jar
7efcec500000-7efced000000 rw-p 00000000 00:00 0 
7efced000000-7efcee7c0000 rwxp 00000000 00:00 0 
7efcee7c0000-7efcfc000000 ---p 00000000 00:00 0 
7efcfc000000-7efcfcb55000 rw-p 00000000 00:00 0 
7efcfcb55000-7efd00000000 ---p 00000000 00:00 0 
7efd00000000-7efd00005000 r--s 00041000 fd:00 11273808                   /opt/android-studio/gradle/gradle-2.14.1/lib/commons-lang-2.6.jar
7efd00005000-7efd00010000 r--s 00051000 fd:00 11273803                   /opt/android-studio/gradle/gradle-2.14.1/lib/gradle-launcher-2.14.1.jar
7efd00010000-7efd00115000 rw-p 00000000 00:00 0 
7efd00115000-7efd00116000 ---p 00000000 00:00 0 
7efd00116000-7efd00216000 rw-p 00000000 00:00 0 
7efd00216000-7efd00217000 ---p 00000000 00:00 0 
7efd00217000-7efd00317000 rw-p 00000000 00:00 0 
7efd00317000-7efd00318000 ---p 00000000 00:00 0 
7efd00318000-7efd00418000 rw-p 00000000 00:00 0 
7efd00418000-7efd00419000 ---p 00000000 00:00 0 
7efd00419000-7efd0053f000 rw-p 00000000 00:00 0 
7efd0053f000-7efd00719000 ---p 00000000 00:00 0 
7efd00719000-7efd0073f000 rw-p 00000000 00:00 0 
7efd0073f000-7efd00919000 ---p 00000000 00:00 0 
7efd00919000-7efd00989000 rw-p 00000000 00:00 0 
7efd00989000-7efd00a19000 ---p 00000000 00:00 0 
7efd00a19000-7efd00a79000 rw-p 00000000 00:00 0 
7efd00a79000-7efd00dda000 ---p 00000000 00:00 0 
7efd00dda000-7efd00df4000 r-xp 00000000 fd:00 11010500                   /opt/android-studio/jre/jre/lib/amd64/libzip.so
7efd00df4000-7efd00ff4000 ---p 0001a000 fd:00 11010500                   /opt/android-studio/jre/jre/lib/amd64/libzip.so
7efd00ff4000-7efd00ff5000 r--p 0001a000 fd:00 11010500                   /opt/android-studio/jre/jre/lib/amd64/libzip.so
7efd00ff5000-7efd00ff6000 rw-p 0001b000 fd:00 11010500                   /opt/android-studio/jre/jre/lib/amd64/libzip.so
7efd00ff6000-7efd01000000 r-xp 00000000 fd:00 3147220                    /usr/lib64/libnss_files-2.24.so
7efd01000000-7efd01200000 ---p 0000a000 fd:00 3147220                    /usr/lib64/libnss_files-2.24.so
7efd01200000-7efd01201000 r--p 0000a000 fd:00 3147220                    /usr/lib64/libnss_files-2.24.so
7efd01201000-7efd01202000 rw-p 0000b000 fd:00 3147220                    /usr/lib64/libnss_files-2.24.so
7efd01202000-7efd01208000 rw-p 00000000 00:00 0 
7efd01208000-7efd01235000 r-xp 00000000 fd:00 11010510                   /opt/android-studio/jre/jre/lib/amd64/libjava.so
7efd01235000-7efd01434000 ---p 0002d000 fd:00 11010510                   /opt/android-studio/jre/jre/lib/amd64/libjava.so
7efd01434000-7efd01435000 r--p 0002c000 fd:00 11010510                   /opt/android-studio/jre/jre/lib/amd64/libjava.so
7efd01435000-7efd01437000 rw-p 0002d000 fd:00 11010510                   /opt/android-studio/jre/jre/lib/amd64/libjava.so
7efd01437000-7efd01447000 r-xp 00000000 fd:00 11010526                   /opt/android-studio/jre/jre/lib/amd64/libverify.so
7efd01447000-7efd01646000 ---p 00010000 fd:00 11010526                   /opt/android-studio/jre/jre/lib/amd64/libverify.so
7efd01646000-7efd01648000 r--p 0000f000 fd:00 11010526                   /opt/android-studio/jre/jre/lib/amd64/libverify.so
7efd01648000-7efd01649000 rw-p 00011000 fd:00 11010526                   /opt/android-studio/jre/jre/lib/amd64/libverify.so
7efd01649000-7efd01650000 r-xp 00000000 fd:00 3147408                    /usr/lib64/librt-2.24.so
7efd01650000-7efd0184f000 ---p 00007000 fd:00 3147408                    /usr/lib64/librt-2.24.so
7efd0184f000-7efd01850000 r--p 00006000 fd:00 3147408                    /usr/lib64/librt-2.24.so
7efd01850000-7efd01851000 rw-p 00007000 fd:00 3147408                    /usr/lib64/librt-2.24.so
7efd01851000-7efd01959000 r-xp 00000000 fd:00 3146852                    /usr/lib64/libm-2.24.so
7efd01959000-7efd01b58000 ---p 00108000 fd:00 3146852                    /usr/lib64/libm-2.24.so
7efd01b58000-7efd01b59000 r--p 00107000 fd:00 3146852                    /usr/lib64/libm-2.24.so
7efd01b59000-7efd01b5a000 rw-p 00108000 fd:00 3146852                    /usr/lib64/libm-2.24.so
7efd01b5a000-7efd02740000 r-xp 00000000 fd:00 11010530                   /opt/android-studio/jre/jre/lib/amd64/server/libjvm.so
7efd02740000-7efd02940000 ---p 00be6000 fd:00 11010530                   /opt/android-studio/jre/jre/lib/amd64/server/libjvm.so
7efd02940000-7efd029df000 r--p 00be6000 fd:00 11010530                   /opt/android-studio/jre/jre/lib/amd64/server/libjvm.so
7efd029df000-7efd02a08000 rw-p 00c85000 fd:00 11010530                   /opt/android-studio/jre/jre/lib/amd64/server/libjvm.so
7efd02a08000-7efd02a4a000 rw-p 00000000 00:00 0 
7efd02a4a000-7efd02a62000 r-xp 00000000 fd:00 3147254                    /usr/lib64/libpthread-2.24.so
7efd02a62000-7efd02c62000 ---p 00018000 fd:00 3147254                    /usr/lib64/libpthread-2.24.so
7efd02c62000-7efd02c63000 r--p 00018000 fd:00 3147254                    /usr/lib64/libpthread-2.24.so
7efd02c63000-7efd02c64000 rw-p 00019000 fd:00 3147254                    /usr/lib64/libpthread-2.24.so
7efd02c64000-7efd02c68000 rw-p 00000000 00:00 0 
7efd02c68000-7efd02c6b000 r-xp 00000000 fd:00 3146839                    /usr/lib64/libdl-2.24.so
7efd02c6b000-7efd02e6a000 ---p 00003000 fd:00 3146839                    /usr/lib64/libdl-2.24.so
7efd02e6a000-7efd02e6b000 r--p 00002000 fd:00 3146839                    /usr/lib64/libdl-2.24.so
7efd02e6b000-7efd02e6c000 rw-p 00003000 fd:00 3146839                    /usr/lib64/libdl-2.24.so
7efd02e6c000-7efd03029000 r-xp 00000000 fd:00 3146814                    /usr/lib64/libc-2.24.so
7efd03029000-7efd03228000 ---p 001bd000 fd:00 3146814                    /usr/lib64/libc-2.24.so
7efd03228000-7efd0322c000 r--p 001bc000 fd:00 3146814                    /usr/lib64/libc-2.24.so
7efd0322c000-7efd0322e000 rw-p 001c0000 fd:00 3146814                    /usr/lib64/libc-2.24.so
7efd0322e000-7efd03232000 rw-p 00000000 00:00 0 
7efd03232000-7efd03248000 r-xp 00000000 fd:00 11010390                   /opt/android-studio/jre/lib/amd64/jli/libjli.so
7efd03248000-7efd03447000 ---p 00016000 fd:00 11010390                   /opt/android-studio/jre/lib/amd64/jli/libjli.so
7efd03447000-7efd03448000 r--p 00015000 fd:00 11010390                   /opt/android-studio/jre/lib/amd64/jli/libjli.so
7efd03448000-7efd03449000 rw-p 00016000 fd:00 11010390                   /opt/android-studio/jre/lib/amd64/jli/libjli.so
7efd03449000-7efd0346e000 r-xp 00000000 fd:00 3146148                    /usr/lib64/ld-2.24.so
7efd0346e000-7efd0346f000 r--s 00000000 fd:00 11273946                   /opt/android-studio/gradle/gradle-2.14.1/lib/javax.inject-1.jar
7efd0346f000-7efd03470000 r--s 00000000 fd:00 11273800                   /opt/android-studio/gradle/gradle-2.14.1/lib/jcip-annotations-1.0.jar
7efd03470000-7efd03471000 r--s 00001000 fd:00 11273821                   /opt/android-studio/gradle/gradle-2.14.1/lib/gradle-process-services-2.14.1.jar
7efd03471000-7efd03472000 r--s 00000000 fd:00 11273783                   /opt/android-studio/gradle/gradle-2.14.1/lib/gradle-jvm-services-2.14.1.jar
7efd03472000-7efd03473000 r--s 00007000 fd:00 11273793                   /opt/android-studio/gradle/gradle-2.14.1/lib/slf4j-api-1.7.10.jar
7efd03473000-7efd03538000 rw-p 00000000 00:00 0 
7efd03538000-7efd0353b000 ---p 00000000 00:00 0 
7efd0353b000-7efd0363b000 rw-p 00000000 00:00 0 
7efd0363b000-7efd0363c000 r--s 00004000 fd:00 11273811                   /opt/android-studio/gradle/gradle-2.14.1/lib/ant-launcher-1.9.6.jar
7efd0363c000-7efd03644000 r--s 0003a000 fd:00 11273807                   /opt/android-studio/gradle/gradle-2.14.1/lib/gradle-base-services-2.14.1.jar
7efd03644000-7efd03662000 rw-p 00000000 00:00 0 
7efd03662000-7efd0366a000 rw-s 00000000 00:29 1838565                    /tmp/hsperfdata_travis/20875
7efd0366a000-7efd0366b000 rw-p 00000000 00:00 0 
7efd0366b000-7efd0366c000 r--p 00000000 00:00 0 
7efd0366c000-7efd0366e000 rw-p 00000000 00:00 0 
7efd0366e000-7efd0366f000 r--p 00025000 fd:00 3146148                    /usr/lib64/ld-2.24.so
7efd0366f000-7efd03670000 rw-p 00026000 fd:00 3146148                    /usr/lib64/ld-2.24.so
7efd03670000-7efd03671000 rw-p 00000000 00:00 0 
7ffdf2b57000-7ffdf2b78000 rw-p 00000000 00:00 0                          [stack]
7ffdf2b88000-7ffdf2b8a000 r--p 00000000 00:00 0                          [vvar]
7ffdf2b8a000-7ffdf2b8c000 r-xp 00000000 00:00 0                          [vdso]
ffffffffff600000-ffffffffff601000 r-xp 00000000 00:00 0                  [vsyscall]

VM Arguments:
jvm_args: -Xmx1536m -Dfile.encoding=UTF-8 -Duser.country=US -Duser.language=en -Duser.variant 
java_command: org.gradle.launcher.daemon.bootstrap.GradleDaemon 2.14.1
java_class_path (initial): /opt/android-studio/gradle/gradle-2.14.1/lib/gradle-launcher-2.14.1.jar
Launcher Type: SUN_STANDARD

Environment Variables:
JAVA_HOME=/usr/java/default
PATH=/usr/lib64/qt-3.3/bin:/usr/local/heroku/bin:/opt/bin:/usr/local/bin:/usr/bin:/bin:/usr/local/sbin:/usr/sbin:/home/travis/.local/bin:/home/travis/bin:/usr/java/default/bin
LD_LIBRARY_PATH=/opt/android-studio/bin:
SHELL=/bin/bash
DISPLAY=:0

Signal Handlers:
SIGSEGV: [libjvm.so+0x9daac0], sa_mask[0]=11111111011111111101111111111110, sa_flags=SA_RESTART|SA_SIGINFO
SIGBUS: [libjvm.so+0x9daac0], sa_mask[0]=11111111011111111101111111111110, sa_flags=SA_RESTART|SA_SIGINFO
SIGFPE: [libjvm.so+0x840d90], sa_mask[0]=11111111011111111101111111111110, sa_flags=SA_RESTART|SA_SIGINFO
SIGPIPE: [libjvm.so+0x840d90], sa_mask[0]=11111111011111111101111111111110, sa_flags=SA_RESTART|SA_SIGINFO
SIGXFSZ: [libjvm.so+0x840d90], sa_mask[0]=11111111011111111101111111111110, sa_flags=SA_RESTART|SA_SIGINFO
SIGILL: [libjvm.so+0x840d90], sa_mask[0]=11111111011111111101111111111110, sa_flags=SA_RESTART|SA_SIGINFO
SIGUSR1: SIG_DFL, sa_mask[0]=00000000000000000000000000000000, sa_flags=none
SIGUSR2: [libjvm.so+0x840c60], sa_mask[0]=00100000000000000000000000000000, sa_flags=SA_RESTART|SA_SIGINFO
SIGHUP: [libjvm.so+0x840e50], sa_mask[0]=11111111011111111101111111111110, sa_flags=SA_RESTART|SA_SIGINFO
SIGINT: [libjvm.so+0x840e50], sa_mask[0]=11111111011111111101111111111110, sa_flags=SA_RESTART|SA_SIGINFO
SIGTERM: [libjvm.so+0x840e50], sa_mask[0]=11111111011111111101111111111110, sa_flags=SA_RESTART|SA_SIGINFO
SIGQUIT: [libjvm.so+0x840e50], sa_mask[0]=11111111011111111101111111111110, sa_flags=SA_RESTART|SA_SIGINFO


---------------  S Y S T E M  ---------------

OS:Fedora release 25 (Twenty Five)

uname:Linux 4.8.15-300.fc25.x86_64 #1 SMP Thu Dec 15 23:10:23 UTC 2016 x86_64
libc:glibc 2.24 NPTL 2.24 
rlimit: STACK 8192k, CORE 0k, NPROC 15714, NOFILE 4096, AS infinity
load average:3.85 3.07 4.45

/proc/meminfo:
MemTotal:        4046336 kB
MemFree:          117212 kB
MemAvailable:     118744 kB
Buffers:            6708 kB
Cached:           216144 kB
SwapCached:        42712 kB
Active:          2546864 kB
Inactive:         680360 kB
Active(anon):    2440760 kB
Inactive(anon):   605576 kB
Active(file):     106104 kB
Inactive(file):    74784 kB
Unevictable:          80 kB
Mlocked:              80 kB
SwapTotal:       6307836 kB
SwapFree:        3022792 kB
Dirty:              2708 kB
Writeback:             0 kB
AnonPages:       2964956 kB
Mapped:           498672 kB
Shmem:             41728 kB
Slab:             148876 kB
SReclaimable:      49568 kB
SUnreclaim:        99308 kB
KernelStack:       16928 kB
PageTables:        83472 kB
NFS_Unstable:          0 kB
Bounce:                0 kB
WritebackTmp:          0 kB
CommitLimit:     8331004 kB
Committed_AS:   14081136 kB
VmallocTotal:   34359738367 kB
VmallocUsed:           0 kB
VmallocChunk:          0 kB
HardwareCorrupted:     0 kB
AnonHugePages:         0 kB
ShmemHugePages:        0 kB
ShmemPmdMapped:        0 kB
CmaTotal:              0 kB
CmaFree:               0 kB
HugePages_Total:       0
HugePages_Free:        0
HugePages_Rsvd:        0
HugePages_Surp:        0
Hugepagesize:       2048 kB
DirectMap4k:     1472128 kB
DirectMap2M:     2721792 kB


CPU:total 4 (4 cores per cpu, 1 threads per core) family 6 model 23 stepping 10, cmov, cx8, fxsr, mmx, sse, sse2, sse3, ssse3, sse4.1, tsc

/proc/cpuinfo:
processor	: 0
vendor_id	: GenuineIntel
cpu family	: 6
model		: 23
model name	: Intel(R) Core(TM)2 Quad CPU    Q9505  @ 2.83GHz
stepping	: 10
microcode	: 0xa0b
cpu MHz		: 2833.000
cache size	: 3072 KB
physical id	: 0
siblings	: 4
core id		: 0
cpu cores	: 4
apicid		: 0
initial apicid	: 0
fpu		: yes
fpu_exception	: yes
cpuid level	: 13
wp		: yes
flags		: fpu vme de pse tsc msr pae mce cx8 apic sep mtrr pge mca cmov pat pse36 clflush dts acpi mmx fxsr sse sse2 ss ht tm pbe syscall nx lm constant_tsc arch_perfmon pebs bts rep_good nopl aperfmperf eagerfpu pni dtes64 monitor ds_cpl vmx smx est tm2 ssse3 cx16 xtpr pdcm sse4_1 xsave lahf_lm tpr_shadow vnmi flexpriority dtherm
bugs		:
bogomips	: 5666.62
clflush size	: 64
cache_alignment	: 64
address sizes	: 36 bits physical, 48 bits virtual
power management:

processor	: 1
vendor_id	: GenuineIntel
cpu family	: 6
model		: 23
model name	: Intel(R) Core(TM)2 Quad CPU    Q9505  @ 2.83GHz
stepping	: 10
microcode	: 0xa0b
cpu MHz		: 2833.000
cache size	: 3072 KB
physical id	: 0
siblings	: 4
core id		: 1
cpu cores	: 4
apicid		: 1
initial apicid	: 1
fpu		: yes
fpu_exception	: yes
cpuid level	: 13
wp		: yes
flags		: fpu vme de pse tsc msr pae mce cx8 apic sep mtrr pge mca cmov pat pse36 clflush dts acpi mmx fxsr sse sse2 ss ht tm pbe syscall nx lm constant_tsc arch_perfmon pebs bts rep_good nopl aperfmperf eagerfpu pni dtes64 monitor ds_cpl vmx smx est tm2 ssse3 cx16 xtpr pdcm sse4_1 xsave lahf_lm tpr_shadow vnmi flexpriority dtherm
bugs		:
bogomips	: 5666.33
clflush size	: 64
cache_alignment	: 64
address sizes	: 36 bits physical, 48 bits virtual
power management:

processor	: 2
vendor_id	: GenuineIntel
cpu family	: 6
model		: 23
model name	: Intel(R) Core(TM)2 Quad CPU    Q9505  @ 2.83GHz
stepping	: 10
microcode	: 0xa0b
cpu MHz		: 2833.000
cache size	: 3072 KB
physical id	: 0
siblings	: 4
core id		: 2
cpu cores	: 4
apicid		: 2
initial apicid	: 2
fpu		: yes
fpu_exception	: yes
cpuid level	: 13
wp		: yes
flags		: fpu vme de pse tsc msr pae mce cx8 apic sep mtrr pge mca cmov pat pse36 clflush dts acpi mmx fxsr sse sse2 ss ht tm pbe syscall nx lm constant_tsc arch_perfmon pebs bts rep_good nopl aperfmperf eagerfpu pni dtes64 monitor ds_cpl vmx smx est tm2 ssse3 cx16 xtpr pdcm sse4_1 xsave lahf_lm tpr_shadow vnmi flexpriority dtherm
bugs		:
bogomips	: 5666.37
clflush size	: 64
cache_alignment	: 64
address sizes	: 36 bits physical, 48 bits virtual
power management:

processor	: 3
vendor_id	: GenuineIntel
cpu family	: 6
model		: 23
model name	: Intel(R) Core(TM)2 Quad CPU    Q9505  @ 2.83GHz
stepping	: 10
microcode	: 0xa0b
cpu MHz		: 2833.000
cache size	: 3072 KB
physical id	: 0
siblings	: 4
core id		: 3
cpu cores	: 4
apicid		: 3
initial apicid	: 3
fpu		: yes
fpu_exception	: yes
cpuid level	: 13
wp		: yes
flags		: fpu vme de pse tsc msr pae mce cx8 apic sep mtrr pge mca cmov pat pse36 clflush dts acpi mmx fxsr sse sse2 ss ht tm pbe syscall nx lm constant_tsc arch_perfmon pebs bts rep_good nopl aperfmperf eagerfpu pni dtes64 monitor ds_cpl vmx smx est tm2 ssse3 cx16 xtpr pdcm sse4_1 xsave lahf_lm tpr_shadow vnmi flexpriority dtherm
bugs		:
bogomips	: 5725.20
clflush size	: 64
cache_alignment	: 64
address sizes	: 36 bits physical, 48 bits virtual
power management:



Memory: 4k page, physical 4046336k(117212k free), swap 6307836k(3022792k free)

vm_info: OpenJDK 64-Bit Server VM (25.76-b03) for linux-amd64 JRE (1.8.0_76-release-b03), built on Jun 29 2016 09:39:19 by "builder" with gcc 4.8.4

time: Sat Jan  7 19:07:35 2017
elapsed time: 50 seconds (0d 0h 0m 50s)

